{"/Users/karenwang/Projects/calendar-assistant/src/controllers/itemControllers.js": {"path":"/Users/karenwang/Projects/calendar-assistant/src/controllers/itemControllers.js","statementMap":{"0":{"start":{"line":1,"column":22},"end":{"line":1,"column":56}},"1":{"start":{"line":2,"column":18},"end":{"line":2,"column":48}},"2":{"start":{"line":3,"column":11},"end":{"line":3,"column":41}},"3":{"start":{"line":6,"column":14},"end":{"line":9,"column":1}},"4":{"start":{"line":7,"column":4},"end":{"line":7,"column":64}},"5":{"start":{"line":8,"column":4},"end":{"line":8,"column":52}},"6":{"start":{"line":11,"column":15},"end":{"line":14,"column":1}},"7":{"start":{"line":12,"column":4},"end":{"line":12,"column":65}},"8":{"start":{"line":13,"column":4},"end":{"line":13,"column":47}},"9":{"start":{"line":16,"column":16},"end":{"line":18,"column":1}},"10":{"start":{"line":17,"column":4},"end":{"line":17,"column":45}},"11":{"start":{"line":20,"column":18},"end":{"line":23,"column":1}},"12":{"start":{"line":21,"column":4},"end":{"line":21,"column":68}},"13":{"start":{"line":22,"column":4},"end":{"line":22,"column":47}},"14":{"start":{"line":26,"column":21},"end":{"line":28,"column":1}},"15":{"start":{"line":27,"column":4},"end":{"line":27,"column":39}},"16":{"start":{"line":30,"column":20},"end":{"line":32,"column":1}},"17":{"start":{"line":31,"column":4},"end":{"line":31,"column":36}},"18":{"start":{"line":34,"column":23},"end":{"line":36,"column":1}},"19":{"start":{"line":35,"column":4},"end":{"line":35,"column":53}},"20":{"start":{"line":38,"column":23},"end":{"line":40,"column":1}},"21":{"start":{"line":39,"column":4},"end":{"line":39,"column":38}},"22":{"start":{"line":42,"column":0},"end":{"line":51,"column":1}}},"fnMap":{"0":{"name":"(anonymous_0)","decl":{"start":{"line":6,"column":14},"end":{"line":6,"column":15}},"loc":{"start":{"line":6,"column":33},"end":{"line":9,"column":1}},"line":6},"1":{"name":"(anonymous_1)","decl":{"start":{"line":11,"column":15},"end":{"line":11,"column":16}},"loc":{"start":{"line":11,"column":34},"end":{"line":14,"column":1}},"line":11},"2":{"name":"(anonymous_2)","decl":{"start":{"line":16,"column":16},"end":{"line":16,"column":17}},"loc":{"start":{"line":16,"column":28},"end":{"line":18,"column":1}},"line":16},"3":{"name":"(anonymous_3)","decl":{"start":{"line":20,"column":18},"end":{"line":20,"column":19}},"loc":{"start":{"line":20,"column":37},"end":{"line":23,"column":1}},"line":20},"4":{"name":"(anonymous_4)","decl":{"start":{"line":26,"column":21},"end":{"line":26,"column":22}},"loc":{"start":{"line":26,"column":38},"end":{"line":28,"column":1}},"line":26},"5":{"name":"(anonymous_5)","decl":{"start":{"line":30,"column":20},"end":{"line":30,"column":21}},"loc":{"start":{"line":30,"column":31},"end":{"line":32,"column":1}},"line":30},"6":{"name":"(anonymous_6)","decl":{"start":{"line":34,"column":23},"end":{"line":34,"column":24}},"loc":{"start":{"line":34,"column":50},"end":{"line":36,"column":1}},"line":34},"7":{"name":"(anonymous_7)","decl":{"start":{"line":38,"column":23},"end":{"line":38,"column":24}},"loc":{"start":{"line":38,"column":34},"end":{"line":40,"column":1}},"line":38}},"branchMap":{},"s":{"0":2,"1":2,"2":2,"3":2,"4":1,"5":1,"6":2,"7":1,"8":1,"9":2,"10":0,"11":2,"12":1,"13":1,"14":2,"15":1,"16":2,"17":1,"18":2,"19":1,"20":2,"21":1,"22":2},"f":{"0":1,"1":1,"2":0,"3":1,"4":1,"5":1,"6":1,"7":1},"b":{},"_coverageSchema":"1a1c01bbd47fc00a2c39e90264f33305004495a9","hash":"f48bf5da42517dbbb459adb3f07e0667d6a62d7b"}
,"/Users/karenwang/Projects/calendar-assistant/src/database/connect.js": {"path":"/Users/karenwang/Projects/calendar-assistant/src/database/connect.js","statementMap":{"0":{"start":{"line":1,"column":19},"end":{"line":1,"column":32}},"1":{"start":{"line":3,"column":15},"end":{"line":5,"column":2}},"2":{"start":{"line":7,"column":16},"end":{"line":15,"column":1}},"3":{"start":{"line":8,"column":4},"end":{"line":14,"column":6}},"4":{"start":{"line":9,"column":8},"end":{"line":13,"column":9}},"5":{"start":{"line":10,"column":12},"end":{"line":10,"column":28}},"6":{"start":{"line":12,"column":12},"end":{"line":12,"column":46}},"7":{"start":{"line":17,"column":0},"end":{"line":17,"column":9}},"8":{"start":{"line":19,"column":0},"end":{"line":19,"column":30}}},"fnMap":{"0":{"name":"(anonymous_0)","decl":{"start":{"line":7,"column":16},"end":{"line":7,"column":17}},"loc":{"start":{"line":7,"column":28},"end":{"line":15,"column":1}},"line":7},"1":{"name":"(anonymous_1)","decl":{"start":{"line":8,"column":25},"end":{"line":8,"column":26}},"loc":{"start":{"line":8,"column":34},"end":{"line":14,"column":5}},"line":8}},"branchMap":{"0":{"loc":{"start":{"line":9,"column":8},"end":{"line":13,"column":9}},"type":"if","locations":[{"start":{"line":9,"column":8},"end":{"line":13,"column":9}},{"start":{"line":11,"column":15},"end":{"line":13,"column":9}}],"line":9}},"s":{"0":6,"1":6,"2":6,"3":6,"4":3,"5":0,"6":3,"7":6,"8":6},"f":{"0":6,"1":3},"b":{"0":[0,3]},"_coverageSchema":"1a1c01bbd47fc00a2c39e90264f33305004495a9","hash":"936ad03cdbc73484d6707a58086b8fa2c16823d9"}
,"/Users/karenwang/Projects/calendar-assistant/src/database/queries.js": {"path":"/Users/karenwang/Projects/calendar-assistant/src/database/queries.js","statementMap":{"0":{"start":{"line":1,"column":11},"end":{"line":1,"column":34}},"1":{"start":{"line":3,"column":0},"end":{"line":121,"column":1}},"2":{"start":{"line":5,"column":28},"end":{"line":5,"column":72}},"3":{"start":{"line":6,"column":23},"end":{"line":6,"column":30}},"4":{"start":{"line":7,"column":8},"end":{"line":10,"column":36}},"5":{"start":{"line":9,"column":31},"end":{"line":9,"column":43}},"6":{"start":{"line":10,"column":30},"end":{"line":10,"column":35}},"7":{"start":{"line":21,"column":12},"end":{"line":28,"column":45}},"8":{"start":{"line":29,"column":23},"end":{"line":36,"column":9}},"9":{"start":{"line":37,"column":8},"end":{"line":40,"column":36}},"10":{"start":{"line":39,"column":31},"end":{"line":39,"column":43}},"11":{"start":{"line":40,"column":30},"end":{"line":40,"column":35}},"12":{"start":{"line":44,"column":12},"end":{"line":45,"column":28}},"13":{"start":{"line":46,"column":23},"end":{"line":46,"column":37}},"14":{"start":{"line":47,"column":8},"end":{"line":50,"column":36}},"15":{"start":{"line":49,"column":31},"end":{"line":49,"column":43}},"16":{"start":{"line":50,"column":30},"end":{"line":50,"column":35}},"17":{"start":{"line":54,"column":12},"end":{"line":54,"column":69}},"18":{"start":{"line":55,"column":23},"end":{"line":55,"column":30}},"19":{"start":{"line":56,"column":8},"end":{"line":59,"column":36}},"20":{"start":{"line":58,"column":31},"end":{"line":58,"column":43}},"21":{"start":{"line":59,"column":30},"end":{"line":59,"column":35}},"22":{"start":{"line":63,"column":12},"end":{"line":63,"column":81}},"23":{"start":{"line":64,"column":23},"end":{"line":64,"column":43}},"24":{"start":{"line":65,"column":8},"end":{"line":68,"column":36}},"25":{"start":{"line":67,"column":31},"end":{"line":67,"column":43}},"26":{"start":{"line":68,"column":30},"end":{"line":68,"column":35}},"27":{"start":{"line":71,"column":29},"end":{"line":71,"column":80}},"28":{"start":{"line":72,"column":29},"end":{"line":72,"column":73}},"29":{"start":{"line":73,"column":29},"end":{"line":73,"column":71}},"30":{"start":{"line":74,"column":23},"end":{"line":74,"column":30}},"31":{"start":{"line":75,"column":8},"end":{"line":75,"column":51}},"32":{"start":{"line":76,"column":8},"end":{"line":76,"column":51}},"33":{"start":{"line":77,"column":8},"end":{"line":77,"column":51}},"34":{"start":{"line":80,"column":32},"end":{"line":80,"column":34}},"35":{"start":{"line":81,"column":23},"end":{"line":81,"column":30}},"36":{"start":{"line":82,"column":25},"end":{"line":82,"column":26}},"37":{"start":{"line":83,"column":8},"end":{"line":87,"column":9}},"38":{"start":{"line":84,"column":12},"end":{"line":84,"column":61}},"39":{"start":{"line":85,"column":12},"end":{"line":85,"column":30}},"40":{"start":{"line":86,"column":12},"end":{"line":86,"column":24}},"41":{"start":{"line":88,"column":33},"end":{"line":88,"column":59}},"42":{"start":{"line":89,"column":28},"end":{"line":89,"column":89}},"43":{"start":{"line":90,"column":8},"end":{"line":93,"column":36}},"44":{"start":{"line":92,"column":31},"end":{"line":92,"column":43}},"45":{"start":{"line":93,"column":30},"end":{"line":93,"column":35}},"46":{"start":{"line":97,"column":12},"end":{"line":98,"column":28}},"47":{"start":{"line":99,"column":23},"end":{"line":99,"column":48}},"48":{"start":{"line":100,"column":8},"end":{"line":103,"column":36}},"49":{"start":{"line":102,"column":31},"end":{"line":102,"column":43}},"50":{"start":{"line":103,"column":30},"end":{"line":103,"column":35}},"51":{"start":{"line":106,"column":28},"end":{"line":106,"column":75}},"52":{"start":{"line":107,"column":23},"end":{"line":107,"column":30}},"53":{"start":{"line":108,"column":8},"end":{"line":111,"column":36}},"54":{"start":{"line":110,"column":31},"end":{"line":110,"column":43}},"55":{"start":{"line":111,"column":30},"end":{"line":111,"column":35}},"56":{"start":{"line":114,"column":28},"end":{"line":114,"column":67}},"57":{"start":{"line":115,"column":23},"end":{"line":115,"column":30}},"58":{"start":{"line":116,"column":8},"end":{"line":119,"column":36}},"59":{"start":{"line":118,"column":31},"end":{"line":118,"column":43}},"60":{"start":{"line":119,"column":30},"end":{"line":119,"column":35}}},"fnMap":{"0":{"name":"(anonymous_0)","decl":{"start":{"line":4,"column":13},"end":{"line":4,"column":14}},"loc":{"start":{"line":4,"column":24},"end":{"line":11,"column":5}},"line":4},"1":{"name":"(anonymous_1)","decl":{"start":{"line":9,"column":18},"end":{"line":9,"column":19}},"loc":{"start":{"line":9,"column":31},"end":{"line":9,"column":43}},"line":9},"2":{"name":"(anonymous_2)","decl":{"start":{"line":10,"column":19},"end":{"line":10,"column":20}},"loc":{"start":{"line":10,"column":30},"end":{"line":10,"column":35}},"line":10},"3":{"name":"(anonymous_3)","decl":{"start":{"line":12,"column":14},"end":{"line":12,"column":15}},"loc":{"start":{"line":19,"column":9},"end":{"line":41,"column":5}},"line":19},"4":{"name":"(anonymous_4)","decl":{"start":{"line":39,"column":18},"end":{"line":39,"column":19}},"loc":{"start":{"line":39,"column":31},"end":{"line":39,"column":43}},"line":39},"5":{"name":"(anonymous_5)","decl":{"start":{"line":40,"column":19},"end":{"line":40,"column":20}},"loc":{"start":{"line":40,"column":30},"end":{"line":40,"column":35}},"line":40},"6":{"name":"(anonymous_6)","decl":{"start":{"line":42,"column":19},"end":{"line":42,"column":20}},"loc":{"start":{"line":42,"column":37},"end":{"line":51,"column":5}},"line":42},"7":{"name":"(anonymous_7)","decl":{"start":{"line":49,"column":18},"end":{"line":49,"column":19}},"loc":{"start":{"line":49,"column":31},"end":{"line":49,"column":43}},"line":49},"8":{"name":"(anonymous_8)","decl":{"start":{"line":50,"column":19},"end":{"line":50,"column":20}},"loc":{"start":{"line":50,"column":30},"end":{"line":50,"column":35}},"line":50},"9":{"name":"(anonymous_9)","decl":{"start":{"line":52,"column":18},"end":{"line":52,"column":19}},"loc":{"start":{"line":52,"column":29},"end":{"line":60,"column":5}},"line":52},"10":{"name":"(anonymous_10)","decl":{"start":{"line":58,"column":18},"end":{"line":58,"column":19}},"loc":{"start":{"line":58,"column":31},"end":{"line":58,"column":43}},"line":58},"11":{"name":"(anonymous_11)","decl":{"start":{"line":59,"column":19},"end":{"line":59,"column":20}},"loc":{"start":{"line":59,"column":30},"end":{"line":59,"column":35}},"line":59},"12":{"name":"(anonymous_12)","decl":{"start":{"line":61,"column":25},"end":{"line":61,"column":26}},"loc":{"start":{"line":61,"column":49},"end":{"line":69,"column":5}},"line":61},"13":{"name":"(anonymous_13)","decl":{"start":{"line":67,"column":18},"end":{"line":67,"column":19}},"loc":{"start":{"line":67,"column":31},"end":{"line":67,"column":43}},"line":67},"14":{"name":"(anonymous_14)","decl":{"start":{"line":68,"column":19},"end":{"line":68,"column":20}},"loc":{"start":{"line":68,"column":30},"end":{"line":68,"column":35}},"line":68},"15":{"name":"(anonymous_15)","decl":{"start":{"line":70,"column":16},"end":{"line":70,"column":17}},"loc":{"start":{"line":70,"column":33},"end":{"line":78,"column":5}},"line":70},"16":{"name":"(anonymous_16)","decl":{"start":{"line":79,"column":16},"end":{"line":79,"column":17}},"loc":{"start":{"line":79,"column":43},"end":{"line":94,"column":5}},"line":79},"17":{"name":"(anonymous_17)","decl":{"start":{"line":92,"column":18},"end":{"line":92,"column":19}},"loc":{"start":{"line":92,"column":31},"end":{"line":92,"column":43}},"line":92},"18":{"name":"(anonymous_18)","decl":{"start":{"line":93,"column":19},"end":{"line":93,"column":20}},"loc":{"start":{"line":93,"column":30},"end":{"line":93,"column":35}},"line":93},"19":{"name":"(anonymous_19)","decl":{"start":{"line":95,"column":18},"end":{"line":95,"column":19}},"loc":{"start":{"line":95,"column":47},"end":{"line":104,"column":5}},"line":95},"20":{"name":"(anonymous_20)","decl":{"start":{"line":102,"column":18},"end":{"line":102,"column":19}},"loc":{"start":{"line":102,"column":31},"end":{"line":102,"column":43}},"line":102},"21":{"name":"(anonymous_21)","decl":{"start":{"line":103,"column":19},"end":{"line":103,"column":20}},"loc":{"start":{"line":103,"column":30},"end":{"line":103,"column":35}},"line":103},"22":{"name":"(anonymous_22)","decl":{"start":{"line":105,"column":19},"end":{"line":105,"column":20}},"loc":{"start":{"line":105,"column":30},"end":{"line":112,"column":5}},"line":105},"23":{"name":"(anonymous_23)","decl":{"start":{"line":110,"column":18},"end":{"line":110,"column":19}},"loc":{"start":{"line":110,"column":31},"end":{"line":110,"column":43}},"line":110},"24":{"name":"(anonymous_24)","decl":{"start":{"line":111,"column":19},"end":{"line":111,"column":20}},"loc":{"start":{"line":111,"column":30},"end":{"line":111,"column":35}},"line":111},"25":{"name":"(anonymous_25)","decl":{"start":{"line":113,"column":12},"end":{"line":113,"column":13}},"loc":{"start":{"line":113,"column":23},"end":{"line":120,"column":5}},"line":113},"26":{"name":"(anonymous_26)","decl":{"start":{"line":118,"column":18},"end":{"line":118,"column":19}},"loc":{"start":{"line":118,"column":31},"end":{"line":118,"column":43}},"line":118},"27":{"name":"(anonymous_27)","decl":{"start":{"line":119,"column":19},"end":{"line":119,"column":20}},"loc":{"start":{"line":119,"column":30},"end":{"line":119,"column":35}},"line":119}},"branchMap":{},"s":{"0":6,"1":6,"2":27,"3":27,"4":27,"5":27,"6":0,"7":35,"8":35,"9":35,"10":35,"11":0,"12":35,"13":35,"14":35,"15":35,"16":0,"17":10,"18":10,"19":10,"20":10,"21":0,"22":0,"23":0,"24":0,"25":0,"26":0,"27":35,"28":35,"29":35,"30":35,"31":35,"32":34,"33":34,"34":0,"35":0,"36":0,"37":0,"38":0,"39":0,"40":0,"41":0,"42":0,"43":0,"44":0,"45":0,"46":0,"47":0,"48":0,"49":0,"50":0,"51":0,"52":0,"53":0,"54":0,"55":0,"56":29,"57":29,"58":29,"59":28,"60":1},"f":{"0":27,"1":27,"2":0,"3":35,"4":35,"5":0,"6":35,"7":35,"8":0,"9":10,"10":10,"11":0,"12":0,"13":0,"14":0,"15":35,"16":0,"17":0,"18":0,"19":0,"20":0,"21":0,"22":0,"23":0,"24":0,"25":29,"26":28,"27":1},"b":{},"_coverageSchema":"1a1c01bbd47fc00a2c39e90264f33305004495a9","hash":"4ba0678d71e8f00b46798c773e4cf2f9f3771009"}
,"/Users/karenwang/Projects/calendar-assistant/src/models/calendarModel.js": {"path":"/Users/karenwang/Projects/calendar-assistant/src/models/calendarModel.js","statementMap":{"0":{"start":{"line":2,"column":24},"end":{"line":2,"column":47}},"1":{"start":{"line":3,"column":16},"end":{"line":3,"column":46}},"2":{"start":{"line":4,"column":16},"end":{"line":4,"column":36}},"3":{"start":{"line":5,"column":25},"end":{"line":5,"column":60}},"4":{"start":{"line":6,"column":19},"end":{"line":6,"column":40}},"5":{"start":{"line":8,"column":21},"end":{"line":42,"column":1}},"6":{"start":{"line":9,"column":4},"end":{"line":41,"column":5}},"7":{"start":{"line":10,"column":26},"end":{"line":10,"column":62}},"8":{"start":{"line":12,"column":8},"end":{"line":14,"column":9}},"9":{"start":{"line":13,"column":12},"end":{"line":13,"column":45}},"10":{"start":{"line":15,"column":21},"end":{"line":15,"column":33}},"11":{"start":{"line":26,"column":12},"end":{"line":26,"column":16}},"12":{"start":{"line":27,"column":28},"end":{"line":32,"column":9}},"13":{"start":{"line":33,"column":23},"end":{"line":33,"column":62}},"14":{"start":{"line":34,"column":8},"end":{"line":34,"column":71}},"15":{"start":{"line":36,"column":8},"end":{"line":36,"column":50}},"16":{"start":{"line":37,"column":8},"end":{"line":40,"column":9}},"17":{"start":{"line":44,"column":22},"end":{"line":86,"column":1}},"18":{"start":{"line":45,"column":4},"end":{"line":85,"column":5}},"19":{"start":{"line":46,"column":26},"end":{"line":46,"column":62}},"20":{"start":{"line":48,"column":8},"end":{"line":50,"column":9}},"21":{"start":{"line":49,"column":12},"end":{"line":49,"column":45}},"22":{"start":{"line":51,"column":21},"end":{"line":51,"column":33}},"23":{"start":{"line":63,"column":12},"end":{"line":63,"column":16}},"24":{"start":{"line":64,"column":28},"end":{"line":69,"column":9}},"25":{"start":{"line":70,"column":23},"end":{"line":70,"column":62}},"26":{"start":{"line":72,"column":8},"end":{"line":78,"column":9}},"27":{"start":{"line":73,"column":12},"end":{"line":73,"column":76}},"28":{"start":{"line":74,"column":15},"end":{"line":78,"column":9}},"29":{"start":{"line":75,"column":12},"end":{"line":75,"column":76}},"30":{"start":{"line":76,"column":15},"end":{"line":78,"column":9}},"31":{"start":{"line":77,"column":12},"end":{"line":77,"column":76}},"32":{"start":{"line":80,"column":8},"end":{"line":80,"column":50}},"33":{"start":{"line":81,"column":8},"end":{"line":84,"column":9}},"34":{"start":{"line":88,"column":22},"end":{"line":142,"column":1}},"35":{"start":{"line":89,"column":4},"end":{"line":141,"column":5}},"36":{"start":{"line":91,"column":26},"end":{"line":91,"column":62}},"37":{"start":{"line":93,"column":8},"end":{"line":95,"column":9}},"38":{"start":{"line":94,"column":12},"end":{"line":94,"column":45}},"39":{"start":{"line":97,"column":21},"end":{"line":97,"column":33}},"40":{"start":{"line":98,"column":60},"end":{"line":98,"column":64}},"41":{"start":{"line":101,"column":28},"end":{"line":106,"column":9}},"42":{"start":{"line":109,"column":23},"end":{"line":109,"column":62}},"43":{"start":{"line":112,"column":31},"end":{"line":112,"column":72}},"44":{"start":{"line":113,"column":8},"end":{"line":115,"column":9}},"45":{"start":{"line":114,"column":12},"end":{"line":114,"column":65}},"46":{"start":{"line":117,"column":22},"end":{"line":117,"column":40}},"47":{"start":{"line":120,"column":30},"end":{"line":123,"column":9}},"48":{"start":{"line":126,"column":26},"end":{"line":129,"column":11}},"49":{"start":{"line":126,"column":68},"end":{"line":129,"column":9}},"50":{"start":{"line":132,"column":8},"end":{"line":132,"column":57}},"51":{"start":{"line":132,"column":33},"end":{"line":132,"column":56}},"52":{"start":{"line":135,"column":8},"end":{"line":135,"column":79}},"53":{"start":{"line":135,"column":37},"end":{"line":135,"column":77}},"54":{"start":{"line":137,"column":8},"end":{"line":137,"column":28}},"55":{"start":{"line":139,"column":8},"end":{"line":139,"column":67}},"56":{"start":{"line":140,"column":8},"end":{"line":140,"column":19}},"57":{"start":{"line":144,"column":0},"end":{"line":148,"column":1}}},"fnMap":{"0":{"name":"(anonymous_0)","decl":{"start":{"line":8,"column":21},"end":{"line":8,"column":22}},"loc":{"start":{"line":8,"column":40},"end":{"line":42,"column":1}},"line":8},"1":{"name":"(anonymous_1)","decl":{"start":{"line":44,"column":22},"end":{"line":44,"column":23}},"loc":{"start":{"line":44,"column":41},"end":{"line":86,"column":1}},"line":44},"2":{"name":"(anonymous_2)","decl":{"start":{"line":88,"column":22},"end":{"line":88,"column":23}},"loc":{"start":{"line":88,"column":41},"end":{"line":142,"column":1}},"line":88},"3":{"name":"(anonymous_3)","decl":{"start":{"line":126,"column":57},"end":{"line":126,"column":58}},"loc":{"start":{"line":126,"column":68},"end":{"line":129,"column":9}},"line":126},"4":{"name":"(anonymous_4)","decl":{"start":{"line":132,"column":23},"end":{"line":132,"column":24}},"loc":{"start":{"line":132,"column":33},"end":{"line":132,"column":56}},"line":132},"5":{"name":"(anonymous_5)","decl":{"start":{"line":135,"column":26},"end":{"line":135,"column":27}},"loc":{"start":{"line":135,"column":37},"end":{"line":135,"column":77}},"line":135}},"branchMap":{"0":{"loc":{"start":{"line":12,"column":8},"end":{"line":14,"column":9}},"type":"if","locations":[{"start":{"line":12,"column":8},"end":{"line":14,"column":9}},{"start":{},"end":{}}],"line":12},"1":{"loc":{"start":{"line":48,"column":8},"end":{"line":50,"column":9}},"type":"if","locations":[{"start":{"line":48,"column":8},"end":{"line":50,"column":9}},{"start":{},"end":{}}],"line":48},"2":{"loc":{"start":{"line":72,"column":8},"end":{"line":78,"column":9}},"type":"if","locations":[{"start":{"line":72,"column":8},"end":{"line":78,"column":9}},{"start":{"line":74,"column":15},"end":{"line":78,"column":9}}],"line":72},"3":{"loc":{"start":{"line":74,"column":15},"end":{"line":78,"column":9}},"type":"if","locations":[{"start":{"line":74,"column":15},"end":{"line":78,"column":9}},{"start":{"line":76,"column":15},"end":{"line":78,"column":9}}],"line":74},"4":{"loc":{"start":{"line":76,"column":15},"end":{"line":78,"column":9}},"type":"if","locations":[{"start":{"line":76,"column":15},"end":{"line":78,"column":9}},{"start":{},"end":{}}],"line":76},"5":{"loc":{"start":{"line":93,"column":8},"end":{"line":95,"column":9}},"type":"if","locations":[{"start":{"line":93,"column":8},"end":{"line":95,"column":9}},{"start":{},"end":{}}],"line":93},"6":{"loc":{"start":{"line":113,"column":8},"end":{"line":115,"column":9}},"type":"if","locations":[{"start":{"line":113,"column":8},"end":{"line":115,"column":9}},{"start":{},"end":{}}],"line":113},"7":{"loc":{"start":{"line":113,"column":12},"end":{"line":113,"column":56}},"type":"binary-expr","locations":[{"start":{"line":113,"column":12},"end":{"line":113,"column":27}},{"start":{"line":113,"column":31},"end":{"line":113,"column":56}}],"line":113},"8":{"loc":{"start":{"line":117,"column":22},"end":{"line":117,"column":40}},"type":"binary-expr","locations":[{"start":{"line":117,"column":22},"end":{"line":117,"column":35}},{"start":{"line":117,"column":39},"end":{"line":117,"column":40}}],"line":117}},"s":{"0":3,"1":3,"2":3,"3":3,"4":3,"5":3,"6":2,"7":2,"8":2,"9":1,"10":1,"11":1,"12":1,"13":1,"14":1,"15":1,"16":1,"17":3,"18":1,"19":1,"20":1,"21":0,"22":1,"23":1,"24":1,"25":1,"26":1,"27":1,"28":0,"29":0,"30":0,"31":0,"32":0,"33":0,"34":3,"35":2,"36":2,"37":2,"38":1,"39":1,"40":1,"41":1,"42":1,"43":1,"44":1,"45":0,"46":1,"47":1,"48":1,"49":1,"50":1,"51":0,"52":1,"53":1,"54":1,"55":1,"56":1,"57":3},"f":{"0":2,"1":1,"2":2,"3":1,"4":0,"5":1},"b":{"0":[1,1],"1":[0,1],"2":[1,0],"3":[0,0],"4":[0,0],"5":[1,1],"6":[0,1],"7":[1,1],"8":[1,1]},"_coverageSchema":"1a1c01bbd47fc00a2c39e90264f33305004495a9","hash":"18f94d7b773a8efe1c192b13b4f9e7fc24b190ef"}
,"/Users/karenwang/Projects/calendar-assistant/src/models/dataModel.js": {"path":"/Users/karenwang/Projects/calendar-assistant/src/models/dataModel.js","statementMap":{"0":{"start":{"line":1,"column":11},"end":{"line":1,"column":41}},"1":{"start":{"line":5,"column":20},"end":{"line":20,"column":1}},"2":{"start":{"line":6,"column":19},"end":{"line":6,"column":48}},"3":{"start":{"line":7,"column":21},"end":{"line":7,"column":23}},"4":{"start":{"line":8,"column":4},"end":{"line":18,"column":5}},"5":{"start":{"line":8,"column":17},"end":{"line":8,"column":18}},"6":{"start":{"line":9,"column":26},"end":{"line":9,"column":35}},"7":{"start":{"line":10,"column":8},"end":{"line":16,"column":9}},"8":{"start":{"line":11,"column":12},"end":{"line":15,"column":13}},"9":{"start":{"line":17,"column":8},"end":{"line":17,"column":60}},"10":{"start":{"line":19,"column":4},"end":{"line":19,"column":19}},"11":{"start":{"line":22,"column":17},"end":{"line":27,"column":1}},"12":{"start":{"line":23,"column":4},"end":{"line":26,"column":28}},"13":{"start":{"line":25,"column":23},"end":{"line":25,"column":26}},"14":{"start":{"line":26,"column":24},"end":{"line":26,"column":27}},"15":{"start":{"line":29,"column":18},"end":{"line":34,"column":1}},"16":{"start":{"line":30,"column":4},"end":{"line":33,"column":28}},"17":{"start":{"line":32,"column":23},"end":{"line":32,"column":26}},"18":{"start":{"line":33,"column":24},"end":{"line":33,"column":27}},"19":{"start":{"line":36,"column":19},"end":{"line":41,"column":1}},"20":{"start":{"line":37,"column":4},"end":{"line":40,"column":28}},"21":{"start":{"line":39,"column":23},"end":{"line":39,"column":26}},"22":{"start":{"line":40,"column":24},"end":{"line":40,"column":27}},"23":{"start":{"line":43,"column":0},"end":{"line":48,"column":1}}},"fnMap":{"0":{"name":"(anonymous_0)","decl":{"start":{"line":5,"column":20},"end":{"line":5,"column":21}},"loc":{"start":{"line":5,"column":37},"end":{"line":20,"column":1}},"line":5},"1":{"name":"(anonymous_1)","decl":{"start":{"line":22,"column":17},"end":{"line":22,"column":18}},"loc":{"start":{"line":22,"column":28},"end":{"line":27,"column":1}},"line":22},"2":{"name":"(anonymous_2)","decl":{"start":{"line":25,"column":14},"end":{"line":25,"column":15}},"loc":{"start":{"line":25,"column":23},"end":{"line":25,"column":26}},"line":25},"3":{"name":"(anonymous_3)","decl":{"start":{"line":26,"column":15},"end":{"line":26,"column":16}},"loc":{"start":{"line":26,"column":24},"end":{"line":26,"column":27}},"line":26},"4":{"name":"(anonymous_4)","decl":{"start":{"line":29,"column":18},"end":{"line":29,"column":19}},"loc":{"start":{"line":29,"column":45},"end":{"line":34,"column":1}},"line":29},"5":{"name":"(anonymous_5)","decl":{"start":{"line":32,"column":14},"end":{"line":32,"column":15}},"loc":{"start":{"line":32,"column":23},"end":{"line":32,"column":26}},"line":32},"6":{"name":"(anonymous_6)","decl":{"start":{"line":33,"column":15},"end":{"line":33,"column":16}},"loc":{"start":{"line":33,"column":24},"end":{"line":33,"column":27}},"line":33},"7":{"name":"(anonymous_7)","decl":{"start":{"line":36,"column":19},"end":{"line":36,"column":20}},"loc":{"start":{"line":36,"column":30},"end":{"line":41,"column":1}},"line":36},"8":{"name":"(anonymous_8)","decl":{"start":{"line":39,"column":14},"end":{"line":39,"column":15}},"loc":{"start":{"line":39,"column":23},"end":{"line":39,"column":26}},"line":39},"9":{"name":"(anonymous_9)","decl":{"start":{"line":40,"column":15},"end":{"line":40,"column":16}},"loc":{"start":{"line":40,"column":24},"end":{"line":40,"column":27}},"line":40}},"branchMap":{"0":{"loc":{"start":{"line":10,"column":8},"end":{"line":16,"column":9}},"type":"if","locations":[{"start":{"line":10,"column":8},"end":{"line":16,"column":9}},{"start":{},"end":{}}],"line":10}},"s":{"0":3,"1":3,"2":1,"3":1,"4":1,"5":1,"6":3,"7":3,"8":2,"9":3,"10":1,"11":3,"12":1,"13":1,"14":0,"15":3,"16":1,"17":1,"18":0,"19":3,"20":1,"21":1,"22":0,"23":3},"f":{"0":1,"1":1,"2":1,"3":0,"4":1,"5":1,"6":0,"7":1,"8":1,"9":0},"b":{"0":[2,1]},"_coverageSchema":"1a1c01bbd47fc00a2c39e90264f33305004495a9","hash":"d4a4d4a16d52a5a2fdf70fbe8efb9cc408570f53"}
,"/Users/karenwang/Projects/calendar-assistant/src/models/helpers.js": {"path":"/Users/karenwang/Projects/calendar-assistant/src/models/helpers.js","statementMap":{"0":{"start":{"line":1,"column":25},"end":{"line":1,"column":60}},"1":{"start":{"line":2,"column":19},"end":{"line":2,"column":40}},"2":{"start":{"line":4,"column":27},"end":{"line":16,"column":1}},"3":{"start":{"line":18,"column":19},"end":{"line":122,"column":1}},"4":{"start":{"line":19,"column":18},"end":{"line":19,"column":39}},"5":{"start":{"line":20,"column":18},"end":{"line":20,"column":36}},"6":{"start":{"line":21,"column":21},"end":{"line":21,"column":48}},"7":{"start":{"line":22,"column":4},"end":{"line":24,"column":5}},"8":{"start":{"line":23,"column":8},"end":{"line":23,"column":25}},"9":{"start":{"line":26,"column":21},"end":{"line":26,"column":61}},"10":{"start":{"line":27,"column":20},"end":{"line":27,"column":30}},"11":{"start":{"line":28,"column":4},"end":{"line":28,"column":49}},"12":{"start":{"line":30,"column":16},"end":{"line":36,"column":6}},"13":{"start":{"line":38,"column":19},"end":{"line":38,"column":33}},"14":{"start":{"line":39,"column":4},"end":{"line":45,"column":5}},"15":{"start":{"line":40,"column":8},"end":{"line":44,"column":9}},"16":{"start":{"line":47,"column":28},"end":{"line":47,"column":30}},"17":{"start":{"line":48,"column":27},"end":{"line":48,"column":29}},"18":{"start":{"line":49,"column":29},"end":{"line":49,"column":30}},"19":{"start":{"line":51,"column":4},"end":{"line":110,"column":5}},"20":{"start":{"line":52,"column":8},"end":{"line":105,"column":9}},"21":{"start":{"line":52,"column":21},"end":{"line":52,"column":22}},"22":{"start":{"line":53,"column":30},"end":{"line":53,"column":39}},"23":{"start":{"line":54,"column":26},"end":{"line":54,"column":68}},"24":{"start":{"line":55,"column":24},"end":{"line":55,"column":64}},"25":{"start":{"line":56,"column":32},"end":{"line":56,"column":43}},"26":{"start":{"line":57,"column":12},"end":{"line":57,"column":45}},"27":{"start":{"line":58,"column":12},"end":{"line":104,"column":13}},"28":{"start":{"line":59,"column":16},"end":{"line":63,"column":17}},"29":{"start":{"line":60,"column":20},"end":{"line":60,"column":72}},"30":{"start":{"line":62,"column":20},"end":{"line":62,"column":70}},"31":{"start":{"line":64,"column":16},"end":{"line":71,"column":17}},"32":{"start":{"line":65,"column":20},"end":{"line":65,"column":78}},"33":{"start":{"line":66,"column":20},"end":{"line":66,"column":66}},"34":{"start":{"line":68,"column":20},"end":{"line":68,"column":60}},"35":{"start":{"line":69,"column":20},"end":{"line":69,"column":77}},"36":{"start":{"line":70,"column":20},"end":{"line":70,"column":65}},"37":{"start":{"line":72,"column":19},"end":{"line":104,"column":13}},"38":{"start":{"line":73,"column":16},"end":{"line":77,"column":17}},"39":{"start":{"line":74,"column":20},"end":{"line":74,"column":70}},"40":{"start":{"line":76,"column":20},"end":{"line":76,"column":68}},"41":{"start":{"line":78,"column":16},"end":{"line":85,"column":17}},"42":{"start":{"line":79,"column":20},"end":{"line":79,"column":76}},"43":{"start":{"line":80,"column":20},"end":{"line":80,"column":64}},"44":{"start":{"line":82,"column":20},"end":{"line":82,"column":58}},"45":{"start":{"line":83,"column":20},"end":{"line":83,"column":75}},"46":{"start":{"line":84,"column":20},"end":{"line":84,"column":63}},"47":{"start":{"line":86,"column":19},"end":{"line":104,"column":13}},"48":{"start":{"line":87,"column":35},"end":{"line":87,"column":72}},"49":{"start":{"line":88,"column":16},"end":{"line":90,"column":17}},"50":{"start":{"line":89,"column":20},"end":{"line":89,"column":28}},"51":{"start":{"line":91,"column":16},"end":{"line":95,"column":17}},"52":{"start":{"line":92,"column":20},"end":{"line":92,"column":63}},"53":{"start":{"line":94,"column":20},"end":{"line":94,"column":61}},"54":{"start":{"line":96,"column":16},"end":{"line":103,"column":17}},"55":{"start":{"line":97,"column":20},"end":{"line":97,"column":69}},"56":{"start":{"line":98,"column":20},"end":{"line":98,"column":57}},"57":{"start":{"line":100,"column":20},"end":{"line":100,"column":51}},"58":{"start":{"line":101,"column":20},"end":{"line":101,"column":68}},"59":{"start":{"line":102,"column":20},"end":{"line":102,"column":56}},"60":{"start":{"line":107,"column":8},"end":{"line":109,"column":9}},"61":{"start":{"line":108,"column":12},"end":{"line":108,"column":79}},"62":{"start":{"line":112,"column":21},"end":{"line":112,"column":23}},"63":{"start":{"line":113,"column":4},"end":{"line":113,"column":31}},"64":{"start":{"line":114,"column":4},"end":{"line":119,"column":5}},"65":{"start":{"line":115,"column":8},"end":{"line":115,"column":48}},"66":{"start":{"line":116,"column":8},"end":{"line":118,"column":9}},"67":{"start":{"line":117,"column":12},"end":{"line":117,"column":52}},"68":{"start":{"line":121,"column":4},"end":{"line":121,"column":19}},"69":{"start":{"line":124,"column":20},"end":{"line":157,"column":1}},"70":{"start":{"line":125,"column":21},"end":{"line":125,"column":61}},"71":{"start":{"line":126,"column":18},"end":{"line":135,"column":5}},"72":{"start":{"line":136,"column":4},"end":{"line":138,"column":5}},"73":{"start":{"line":137,"column":8},"end":{"line":137,"column":42}},"74":{"start":{"line":139,"column":4},"end":{"line":141,"column":5}},"75":{"start":{"line":140,"column":8},"end":{"line":140,"column":44}},"76":{"start":{"line":142,"column":4},"end":{"line":144,"column":5}},"77":{"start":{"line":143,"column":8},"end":{"line":143,"column":50}},"78":{"start":{"line":146,"column":16},"end":{"line":149,"column":6}},"79":{"start":{"line":151,"column":21},"end":{"line":154,"column":5}},"80":{"start":{"line":156,"column":4},"end":{"line":156,"column":19}},"81":{"start":{"line":159,"column":20},"end":{"line":178,"column":1}},"82":{"start":{"line":160,"column":21},"end":{"line":160,"column":61}},"83":{"start":{"line":162,"column":19},"end":{"line":165,"column":6}},"84":{"start":{"line":167,"column":22},"end":{"line":170,"column":6}},"85":{"start":{"line":172,"column":21},"end":{"line":175,"column":5}},"86":{"start":{"line":177,"column":4},"end":{"line":177,"column":19}},"87":{"start":{"line":180,"column":20},"end":{"line":228,"column":1}},"88":{"start":{"line":181,"column":21},"end":{"line":181,"column":61}},"89":{"start":{"line":183,"column":19},"end":{"line":186,"column":6}},"90":{"start":{"line":188,"column":18},"end":{"line":188,"column":20}},"91":{"start":{"line":190,"column":4},"end":{"line":192,"column":29}},"92":{"start":{"line":193,"column":4},"end":{"line":195,"column":30}},"93":{"start":{"line":196,"column":4},"end":{"line":198,"column":33}},"94":{"start":{"line":199,"column":4},"end":{"line":206,"column":5}},"95":{"start":{"line":200,"column":8},"end":{"line":203,"column":9}},"96":{"start":{"line":205,"column":8},"end":{"line":205,"column":39}},"97":{"start":{"line":207,"column":4},"end":{"line":214,"column":5}},"98":{"start":{"line":208,"column":8},"end":{"line":211,"column":9}},"99":{"start":{"line":213,"column":8},"end":{"line":213,"column":35}},"100":{"start":{"line":216,"column":16},"end":{"line":220,"column":6}},"101":{"start":{"line":222,"column":21},"end":{"line":225,"column":5}},"102":{"start":{"line":227,"column":4},"end":{"line":227,"column":19}},"103":{"start":{"line":235,"column":26},"end":{"line":261,"column":1}},"104":{"start":{"line":236,"column":23},"end":{"line":236,"column":25}},"105":{"start":{"line":237,"column":26},"end":{"line":237,"column":28}},"106":{"start":{"line":240,"column":4},"end":{"line":245,"column":5}},"107":{"start":{"line":240,"column":17},"end":{"line":240,"column":18}},"108":{"start":{"line":241,"column":21},"end":{"line":241,"column":31}},"109":{"start":{"line":242,"column":8},"end":{"line":242,"column":40}},"110":{"start":{"line":243,"column":24},"end":{"line":243,"column":56}},"111":{"start":{"line":244,"column":8},"end":{"line":244,"column":43}},"112":{"start":{"line":247,"column":4},"end":{"line":258,"column":6}},"113":{"start":{"line":248,"column":26},"end":{"line":248,"column":56}},"114":{"start":{"line":249,"column":24},"end":{"line":249,"column":52}},"115":{"start":{"line":250,"column":24},"end":{"line":250,"column":61}},"116":{"start":{"line":252,"column":30},"end":{"line":252,"column":70}},"117":{"start":{"line":254,"column":8},"end":{"line":256,"column":9}},"118":{"start":{"line":255,"column":12},"end":{"line":255,"column":47}},"119":{"start":{"line":257,"column":8},"end":{"line":257,"column":47}},"120":{"start":{"line":260,"column":4},"end":{"line":260,"column":24}},"121":{"start":{"line":263,"column":0},"end":{"line":269,"column":1}}},"fnMap":{"0":{"name":"(anonymous_0)","decl":{"start":{"line":18,"column":19},"end":{"line":18,"column":20}},"loc":{"start":{"line":18,"column":47},"end":{"line":122,"column":1}},"line":18},"1":{"name":"(anonymous_1)","decl":{"start":{"line":124,"column":20},"end":{"line":124,"column":21}},"loc":{"start":{"line":124,"column":48},"end":{"line":157,"column":1}},"line":124},"2":{"name":"(anonymous_2)","decl":{"start":{"line":159,"column":20},"end":{"line":159,"column":21}},"loc":{"start":{"line":159,"column":48},"end":{"line":178,"column":1}},"line":159},"3":{"name":"(anonymous_3)","decl":{"start":{"line":180,"column":20},"end":{"line":180,"column":21}},"loc":{"start":{"line":180,"column":48},"end":{"line":228,"column":1}},"line":180},"4":{"name":"(anonymous_4)","decl":{"start":{"line":235,"column":26},"end":{"line":235,"column":27}},"loc":{"start":{"line":235,"column":45},"end":{"line":261,"column":1}},"line":235},"5":{"name":"(anonymous_5)","decl":{"start":{"line":247,"column":19},"end":{"line":247,"column":20}},"loc":{"start":{"line":247,"column":30},"end":{"line":258,"column":5}},"line":247}},"branchMap":{"0":{"loc":{"start":{"line":19,"column":18},"end":{"line":19,"column":39}},"type":"binary-expr","locations":[{"start":{"line":19,"column":18},"end":{"line":19,"column":34}},{"start":{"line":19,"column":38},"end":{"line":19,"column":39}}],"line":19},"1":{"loc":{"start":{"line":21,"column":21},"end":{"line":21,"column":48}},"type":"binary-expr","locations":[{"start":{"line":21,"column":21},"end":{"line":21,"column":40}},{"start":{"line":21,"column":44},"end":{"line":21,"column":48}}],"line":21},"2":{"loc":{"start":{"line":22,"column":4},"end":{"line":24,"column":5}},"type":"if","locations":[{"start":{"line":22,"column":4},"end":{"line":24,"column":5}},{"start":{},"end":{}}],"line":22},"3":{"loc":{"start":{"line":22,"column":8},"end":{"line":22,"column":43}},"type":"binary-expr","locations":[{"start":{"line":22,"column":8},"end":{"line":22,"column":24}},{"start":{"line":22,"column":28},"end":{"line":22,"column":43}}],"line":22},"4":{"loc":{"start":{"line":39,"column":4},"end":{"line":45,"column":5}},"type":"if","locations":[{"start":{"line":39,"column":4},"end":{"line":45,"column":5}},{"start":{},"end":{}}],"line":39},"5":{"loc":{"start":{"line":39,"column":8},"end":{"line":39,"column":38}},"type":"binary-expr","locations":[{"start":{"line":39,"column":8},"end":{"line":39,"column":15}},{"start":{"line":39,"column":19},"end":{"line":39,"column":38}}],"line":39},"6":{"loc":{"start":{"line":51,"column":4},"end":{"line":110,"column":5}},"type":"if","locations":[{"start":{"line":51,"column":4},"end":{"line":110,"column":5}},{"start":{},"end":{}}],"line":51},"7":{"loc":{"start":{"line":58,"column":12},"end":{"line":104,"column":13}},"type":"if","locations":[{"start":{"line":58,"column":12},"end":{"line":104,"column":13}},{"start":{"line":72,"column":19},"end":{"line":104,"column":13}}],"line":58},"8":{"loc":{"start":{"line":59,"column":16},"end":{"line":63,"column":17}},"type":"if","locations":[{"start":{"line":59,"column":16},"end":{"line":63,"column":17}},{"start":{"line":61,"column":23},"end":{"line":63,"column":17}}],"line":59},"9":{"loc":{"start":{"line":64,"column":16},"end":{"line":71,"column":17}},"type":"if","locations":[{"start":{"line":64,"column":16},"end":{"line":71,"column":17}},{"start":{"line":67,"column":23},"end":{"line":71,"column":17}}],"line":64},"10":{"loc":{"start":{"line":72,"column":19},"end":{"line":104,"column":13}},"type":"if","locations":[{"start":{"line":72,"column":19},"end":{"line":104,"column":13}},{"start":{"line":86,"column":19},"end":{"line":104,"column":13}}],"line":72},"11":{"loc":{"start":{"line":73,"column":16},"end":{"line":77,"column":17}},"type":"if","locations":[{"start":{"line":73,"column":16},"end":{"line":77,"column":17}},{"start":{"line":75,"column":23},"end":{"line":77,"column":17}}],"line":73},"12":{"loc":{"start":{"line":78,"column":16},"end":{"line":85,"column":17}},"type":"if","locations":[{"start":{"line":78,"column":16},"end":{"line":85,"column":17}},{"start":{"line":81,"column":23},"end":{"line":85,"column":17}}],"line":78},"13":{"loc":{"start":{"line":86,"column":19},"end":{"line":104,"column":13}},"type":"if","locations":[{"start":{"line":86,"column":19},"end":{"line":104,"column":13}},{"start":{},"end":{}}],"line":86},"14":{"loc":{"start":{"line":88,"column":16},"end":{"line":90,"column":17}},"type":"if","locations":[{"start":{"line":88,"column":16},"end":{"line":90,"column":17}},{"start":{},"end":{}}],"line":88},"15":{"loc":{"start":{"line":91,"column":16},"end":{"line":95,"column":17}},"type":"if","locations":[{"start":{"line":91,"column":16},"end":{"line":95,"column":17}},{"start":{"line":93,"column":23},"end":{"line":95,"column":17}}],"line":91},"16":{"loc":{"start":{"line":96,"column":16},"end":{"line":103,"column":17}},"type":"if","locations":[{"start":{"line":96,"column":16},"end":{"line":103,"column":17}},{"start":{"line":99,"column":23},"end":{"line":103,"column":17}}],"line":96},"17":{"loc":{"start":{"line":114,"column":4},"end":{"line":119,"column":5}},"type":"if","locations":[{"start":{"line":114,"column":4},"end":{"line":119,"column":5}},{"start":{},"end":{}}],"line":114},"18":{"loc":{"start":{"line":116,"column":8},"end":{"line":118,"column":9}},"type":"if","locations":[{"start":{"line":116,"column":8},"end":{"line":118,"column":9}},{"start":{},"end":{}}],"line":116},"19":{"loc":{"start":{"line":136,"column":4},"end":{"line":138,"column":5}},"type":"if","locations":[{"start":{"line":136,"column":4},"end":{"line":138,"column":5}},{"start":{},"end":{}}],"line":136},"20":{"loc":{"start":{"line":139,"column":4},"end":{"line":141,"column":5}},"type":"if","locations":[{"start":{"line":139,"column":4},"end":{"line":141,"column":5}},{"start":{},"end":{}}],"line":139},"21":{"loc":{"start":{"line":142,"column":4},"end":{"line":144,"column":5}},"type":"if","locations":[{"start":{"line":142,"column":4},"end":{"line":144,"column":5}},{"start":{},"end":{}}],"line":142},"22":{"loc":{"start":{"line":190,"column":20},"end":{"line":192,"column":29}},"type":"cond-expr","locations":[{"start":{"line":191,"column":10},"end":{"line":191,"column":28}},{"start":{"line":192,"column":10},"end":{"line":192,"column":29}}],"line":190},"23":{"loc":{"start":{"line":193,"column":21},"end":{"line":195,"column":30}},"type":"cond-expr","locations":[{"start":{"line":194,"column":10},"end":{"line":194,"column":29}},{"start":{"line":195,"column":10},"end":{"line":195,"column":30}}],"line":193},"24":{"loc":{"start":{"line":196,"column":24},"end":{"line":198,"column":33}},"type":"cond-expr","locations":[{"start":{"line":197,"column":10},"end":{"line":197,"column":32}},{"start":{"line":198,"column":10},"end":{"line":198,"column":33}}],"line":196},"25":{"loc":{"start":{"line":199,"column":4},"end":{"line":206,"column":5}},"type":"if","locations":[{"start":{"line":199,"column":4},"end":{"line":206,"column":5}},{"start":{"line":204,"column":11},"end":{"line":206,"column":5}}],"line":199},"26":{"loc":{"start":{"line":207,"column":4},"end":{"line":214,"column":5}},"type":"if","locations":[{"start":{"line":207,"column":4},"end":{"line":214,"column":5}},{"start":{"line":212,"column":11},"end":{"line":214,"column":5}}],"line":207},"27":{"loc":{"start":{"line":254,"column":8},"end":{"line":256,"column":9}},"type":"if","locations":[{"start":{"line":254,"column":8},"end":{"line":256,"column":9}},{"start":{},"end":{}}],"line":254}},"s":{"0":4,"1":4,"2":4,"3":4,"4":1,"5":1,"6":1,"7":1,"8":0,"9":1,"10":1,"11":1,"12":1,"13":1,"14":1,"15":0,"16":1,"17":1,"18":1,"19":1,"20":0,"21":0,"22":0,"23":0,"24":0,"25":0,"26":0,"27":0,"28":0,"29":0,"30":0,"31":0,"32":0,"33":0,"34":0,"35":0,"36":0,"37":0,"38":0,"39":0,"40":0,"41":0,"42":0,"43":0,"44":0,"45":0,"46":0,"47":0,"48":0,"49":0,"50":0,"51":0,"52":0,"53":0,"54":0,"55":0,"56":0,"57":0,"58":0,"59":0,"60":0,"61":0,"62":1,"63":1,"64":1,"65":0,"66":0,"67":0,"68":1,"69":4,"70":0,"71":0,"72":0,"73":0,"74":0,"75":0,"76":0,"77":0,"78":0,"79":0,"80":0,"81":4,"82":0,"83":0,"84":0,"85":0,"86":0,"87":4,"88":0,"89":0,"90":0,"91":0,"92":0,"93":0,"94":0,"95":0,"96":0,"97":0,"98":0,"99":0,"100":0,"101":0,"102":0,"103":4,"104":1,"105":1,"106":1,"107":1,"108":7,"109":7,"110":7,"111":7,"112":1,"113":1,"114":1,"115":1,"116":1,"117":1,"118":0,"119":1,"120":1,"121":4},"f":{"0":1,"1":0,"2":0,"3":0,"4":1,"5":1},"b":{"0":[1,0],"1":[1,0],"2":[0,1],"3":[1,0],"4":[0,1],"5":[1,1],"6":[0,1],"7":[0,0],"8":[0,0],"9":[0,0],"10":[0,0],"11":[0,0],"12":[0,0],"13":[0,0],"14":[0,0],"15":[0,0],"16":[0,0],"17":[0,1],"18":[0,0],"19":[0,0],"20":[0,0],"21":[0,0],"22":[0,0],"23":[0,0],"24":[0,0],"25":[0,0],"26":[0,0],"27":[0,1]},"_coverageSchema":"1a1c01bbd47fc00a2c39e90264f33305004495a9","hash":"9916aff68b51b3888847244ce3451304945e9146"}
,"/Users/karenwang/Projects/calendar-assistant/src/server/auth.js": {"path":"/Users/karenwang/Projects/calendar-assistant/src/server/auth.js","statementMap":{"0":{"start":{"line":1,"column":25},"end":{"line":1,"column":55}},"1":{"start":{"line":2,"column":13},"end":{"line":2,"column":28}},"2":{"start":{"line":3,"column":12},"end":{"line":3,"column":26}},"3":{"start":{"line":4,"column":13},"end":{"line":5,"column":61}},"4":{"start":{"line":5,"column":4},"end":{"line":5,"column":61}},"5":{"start":{"line":5,"column":47},"end":{"line":5,"column":60}},"6":{"start":{"line":6,"column":11},"end":{"line":6,"column":41}},"7":{"start":{"line":8,"column":18},"end":{"line":8,"column":43}},"8":{"start":{"line":17,"column":25},"end":{"line":17,"column":79}},"9":{"start":{"line":20,"column":16},"end":{"line":20,"column":58}},"10":{"start":{"line":21,"column":16},"end":{"line":21,"column":51}},"11":{"start":{"line":25,"column":22},"end":{"line":27,"column":5}},"12":{"start":{"line":29,"column":4},"end":{"line":36,"column":5}},"13":{"start":{"line":38,"column":4},"end":{"line":38,"column":40}},"14":{"start":{"line":46,"column":4},"end":{"line":93,"column":6}},"15":{"start":{"line":49,"column":29},"end":{"line":53,"column":9}},"16":{"start":{"line":56,"column":29},"end":{"line":60,"column":10}},"17":{"start":{"line":65,"column":23},"end":{"line":91,"column":14}},"18":{"start":{"line":67,"column":16},"end":{"line":86,"column":17}},"19":{"start":{"line":68,"column":20},"end":{"line":83,"column":21}},"20":{"start":{"line":70,"column":35},"end":{"line":71,"column":41}},"21":{"start":{"line":72,"column":37},"end":{"line":72,"column":51}},"22":{"start":{"line":73,"column":24},"end":{"line":75,"column":25}},"23":{"start":{"line":76,"column":24},"end":{"line":76,"column":40}},"24":{"start":{"line":79,"column":34},"end":{"line":79,"column":67}},"25":{"start":{"line":81,"column":24},"end":{"line":81,"column":61}},"26":{"start":{"line":82,"column":24},"end":{"line":82,"column":45}},"27":{"start":{"line":85,"column":20},"end":{"line":85,"column":29}},"28":{"start":{"line":90,"column":16},"end":{"line":90,"column":76}},"29":{"start":{"line":90,"column":65},"end":{"line":90,"column":75}},"30":{"start":{"line":92,"column":8},"end":{"line":92,"column":25}},"31":{"start":{"line":96,"column":0},"end":{"line":98,"column":1}}},"fnMap":{"0":{"name":"(anonymous_0)","decl":{"start":{"line":4,"column":13},"end":{"line":4,"column":14}},"loc":{"start":{"line":5,"column":4},"end":{"line":5,"column":61}},"line":5},"1":{"name":"(anonymous_1)","decl":{"start":{"line":5,"column":24},"end":{"line":5,"column":25}},"loc":{"start":{"line":5,"column":47},"end":{"line":5,"column":60}},"line":5},"2":{"name":"authenticate","decl":{"start":{"line":16,"column":15},"end":{"line":16,"column":27}},"loc":{"start":{"line":16,"column":79},"end":{"line":39,"column":1}},"line":16},"3":{"name":"getAuthenticatedClient","decl":{"start":{"line":45,"column":9},"end":{"line":45,"column":31}},"loc":{"start":{"line":45,"column":58},"end":{"line":94,"column":1}},"line":45},"4":{"name":"(anonymous_4)","decl":{"start":{"line":46,"column":23},"end":{"line":46,"column":24}},"loc":{"start":{"line":46,"column":44},"end":{"line":93,"column":5}},"line":46},"5":{"name":"(anonymous_5)","decl":{"start":{"line":66,"column":26},"end":{"line":66,"column":27}},"loc":{"start":{"line":66,"column":46},"end":{"line":87,"column":13}},"line":66},"6":{"name":"(anonymous_6)","decl":{"start":{"line":88,"column":26},"end":{"line":88,"column":27}},"loc":{"start":{"line":88,"column":32},"end":{"line":91,"column":13}},"line":88},"7":{"name":"(anonymous_7)","decl":{"start":{"line":90,"column":57},"end":{"line":90,"column":58}},"loc":{"start":{"line":90,"column":65},"end":{"line":90,"column":75}},"line":90}},"branchMap":{"0":{"loc":{"start":{"line":68,"column":20},"end":{"line":83,"column":21}},"type":"if","locations":[{"start":{"line":68,"column":20},"end":{"line":83,"column":21}},{"start":{},"end":{}}],"line":68}},"s":{"0":1,"1":1,"2":1,"3":1,"4":0,"5":0,"6":1,"7":1,"8":0,"9":0,"10":0,"11":0,"12":0,"13":0,"14":0,"15":0,"16":0,"17":0,"18":0,"19":0,"20":0,"21":0,"22":0,"23":0,"24":0,"25":0,"26":0,"27":0,"28":0,"29":0,"30":0,"31":1},"f":{"0":0,"1":0,"2":0,"3":0,"4":0,"5":0,"6":0,"7":0},"b":{"0":[0,0]},"_coverageSchema":"1a1c01bbd47fc00a2c39e90264f33305004495a9","hash":"4d82476e97357af8c948fcfb93b81cdc22d25b9f"}
,"/Users/karenwang/Projects/calendar-assistant/src/server/server.js": {"path":"/Users/karenwang/Projects/calendar-assistant/src/server/server.js","statementMap":{"0":{"start":{"line":1,"column":13},"end":{"line":1,"column":28}},"1":{"start":{"line":2,"column":16},"end":{"line":2,"column":34}},"2":{"start":{"line":3,"column":48},"end":{"line":3,"column":76}},"3":{"start":{"line":4,"column":13},"end":{"line":4,"column":28}},"4":{"start":{"line":5,"column":19},"end":{"line":5,"column":41}},"5":{"start":{"line":6,"column":23},"end":{"line":6,"column":64}},"6":{"start":{"line":7,"column":13},"end":{"line":7,"column":30}},"7":{"start":{"line":8,"column":10},"end":{"line":8,"column":36}},"8":{"start":{"line":10,"column":12},"end":{"line":10,"column":21}},"9":{"start":{"line":11,"column":0},"end":{"line":11,"column":15}},"10":{"start":{"line":12,"column":13},"end":{"line":12,"column":17}},"11":{"start":{"line":14,"column":0},"end":{"line":14,"column":51}},"12":{"start":{"line":15,"column":0},"end":{"line":15,"column":26}},"13":{"start":{"line":16,"column":0},"end":{"line":16,"column":66}},"14":{"start":{"line":19,"column":0},"end":{"line":51,"column":1}},"15":{"start":{"line":27,"column":39},"end":{"line":27,"column":60}},"16":{"start":{"line":28,"column":8},"end":{"line":32,"column":9}},"17":{"start":{"line":29,"column":12},"end":{"line":31,"column":65}},"18":{"start":{"line":33,"column":33},"end":{"line":33,"column":71}},"19":{"start":{"line":34,"column":8},"end":{"line":36,"column":9}},"20":{"start":{"line":35,"column":12},"end":{"line":35,"column":69}},"21":{"start":{"line":37,"column":8},"end":{"line":49,"column":9}},"22":{"start":{"line":38,"column":29},"end":{"line":38,"column":65}},"23":{"start":{"line":40,"column":12},"end":{"line":45,"column":13}},"24":{"start":{"line":41,"column":16},"end":{"line":41,"column":41}},"25":{"start":{"line":44,"column":16},"end":{"line":44,"column":77}},"26":{"start":{"line":47,"column":12},"end":{"line":47,"column":32}},"27":{"start":{"line":48,"column":12},"end":{"line":48,"column":65}},"28":{"start":{"line":54,"column":0},"end":{"line":85,"column":1}},"29":{"start":{"line":63,"column":23},"end":{"line":63,"column":44}},"30":{"start":{"line":64,"column":8},"end":{"line":66,"column":9}},"31":{"start":{"line":65,"column":12},"end":{"line":65,"column":67}},"32":{"start":{"line":67,"column":33},"end":{"line":67,"column":72}},"33":{"start":{"line":68,"column":8},"end":{"line":70,"column":9}},"34":{"start":{"line":69,"column":12},"end":{"line":69,"column":69}},"35":{"start":{"line":71,"column":8},"end":{"line":83,"column":9}},"36":{"start":{"line":72,"column":29},"end":{"line":72,"column":66}},"37":{"start":{"line":74,"column":12},"end":{"line":79,"column":13}},"38":{"start":{"line":75,"column":16},"end":{"line":75,"column":41}},"39":{"start":{"line":78,"column":16},"end":{"line":78,"column":77}},"40":{"start":{"line":81,"column":12},"end":{"line":81,"column":32}},"41":{"start":{"line":82,"column":12},"end":{"line":82,"column":65}},"42":{"start":{"line":88,"column":0},"end":{"line":96,"column":2}},"43":{"start":{"line":89,"column":19},"end":{"line":89,"column":40}},"44":{"start":{"line":90,"column":4},"end":{"line":94,"column":5}},"45":{"start":{"line":91,"column":21},"end":{"line":91,"column":37}},"46":{"start":{"line":92,"column":25},"end":{"line":92,"column":60}},"47":{"start":{"line":93,"column":8},"end":{"line":93,"column":33}},"48":{"start":{"line":95,"column":4},"end":{"line":95,"column":52}},"49":{"start":{"line":98,"column":0},"end":{"line":125,"column":1}},"50":{"start":{"line":107,"column":39},"end":{"line":107,"column":60}},"51":{"start":{"line":108,"column":8},"end":{"line":112,"column":9}},"52":{"start":{"line":109,"column":12},"end":{"line":111,"column":65}},"53":{"start":{"line":113,"column":8},"end":{"line":123,"column":9}},"54":{"start":{"line":114,"column":30},"end":{"line":114,"column":70}},"55":{"start":{"line":115,"column":12},"end":{"line":119,"column":13}},"56":{"start":{"line":116,"column":16},"end":{"line":116,"column":42}},"57":{"start":{"line":118,"column":16},"end":{"line":118,"column":71}},"58":{"start":{"line":121,"column":12},"end":{"line":121,"column":32}},"59":{"start":{"line":122,"column":12},"end":{"line":122,"column":65}},"60":{"start":{"line":128,"column":0},"end":{"line":142,"column":2}},"61":{"start":{"line":129,"column":19},"end":{"line":129,"column":40}},"62":{"start":{"line":130,"column":4},"end":{"line":132,"column":5}},"63":{"start":{"line":131,"column":8},"end":{"line":131,"column":63}},"64":{"start":{"line":133,"column":4},"end":{"line":141,"column":5}},"65":{"start":{"line":134,"column":21},"end":{"line":134,"column":37}},"66":{"start":{"line":135,"column":8},"end":{"line":138,"column":66}},"67":{"start":{"line":137,"column":28},"end":{"line":137,"column":42}},"68":{"start":{"line":138,"column":28},"end":{"line":138,"column":65}},"69":{"start":{"line":140,"column":8},"end":{"line":140,"column":56}},"70":{"start":{"line":145,"column":0},"end":{"line":164,"column":1}},"71":{"start":{"line":150,"column":23},"end":{"line":150,"column":44}},"72":{"start":{"line":151,"column":8},"end":{"line":153,"column":9}},"73":{"start":{"line":152,"column":12},"end":{"line":152,"column":67}},"74":{"start":{"line":154,"column":8},"end":{"line":162,"column":9}},"75":{"start":{"line":155,"column":25},"end":{"line":155,"column":41}},"76":{"start":{"line":156,"column":12},"end":{"line":159,"column":70}},"77":{"start":{"line":158,"column":32},"end":{"line":158,"column":46}},"78":{"start":{"line":159,"column":32},"end":{"line":159,"column":69}},"79":{"start":{"line":161,"column":12},"end":{"line":161,"column":60}},"80":{"start":{"line":167,"column":0},"end":{"line":192,"column":1}},"81":{"start":{"line":172,"column":23},"end":{"line":172,"column":44}},"82":{"start":{"line":173,"column":8},"end":{"line":175,"column":9}},"83":{"start":{"line":174,"column":12},"end":{"line":174,"column":67}},"84":{"start":{"line":176,"column":8},"end":{"line":190,"column":9}},"85":{"start":{"line":177,"column":26},"end":{"line":177,"column":40}},"86":{"start":{"line":178,"column":12},"end":{"line":178,"column":33}},"87":{"start":{"line":179,"column":12},"end":{"line":187,"column":70}},"88":{"start":{"line":182,"column":20},"end":{"line":185,"column":22}},"89":{"start":{"line":187,"column":32},"end":{"line":187,"column":69}},"90":{"start":{"line":189,"column":12},"end":{"line":189,"column":60}},"91":{"start":{"line":195,"column":0},"end":{"line":219,"column":1}},"92":{"start":{"line":200,"column":23},"end":{"line":200,"column":44}},"93":{"start":{"line":201,"column":8},"end":{"line":203,"column":9}},"94":{"start":{"line":202,"column":12},"end":{"line":202,"column":67}},"95":{"start":{"line":204,"column":8},"end":{"line":217,"column":9}},"96":{"start":{"line":205,"column":25},"end":{"line":205,"column":41}},"97":{"start":{"line":206,"column":12},"end":{"line":214,"column":70}},"98":{"start":{"line":209,"column":20},"end":{"line":212,"column":22}},"99":{"start":{"line":214,"column":32},"end":{"line":214,"column":69}},"100":{"start":{"line":216,"column":12},"end":{"line":216,"column":60}},"101":{"start":{"line":222,"column":0},"end":{"line":261,"column":1}},"102":{"start":{"line":232,"column":23},"end":{"line":232,"column":44}},"103":{"start":{"line":233,"column":8},"end":{"line":235,"column":9}},"104":{"start":{"line":234,"column":12},"end":{"line":234,"column":67}},"105":{"start":{"line":236,"column":33},"end":{"line":236,"column":72}},"106":{"start":{"line":237,"column":8},"end":{"line":239,"column":9}},"107":{"start":{"line":238,"column":12},"end":{"line":238,"column":69}},"108":{"start":{"line":240,"column":8},"end":{"line":259,"column":9}},"109":{"start":{"line":241,"column":25},"end":{"line":241,"column":41}},"110":{"start":{"line":242,"column":12},"end":{"line":256,"column":70}},"111":{"start":{"line":251,"column":20},"end":{"line":254,"column":22}},"112":{"start":{"line":256,"column":32},"end":{"line":256,"column":69}},"113":{"start":{"line":258,"column":12},"end":{"line":258,"column":60}},"114":{"start":{"line":263,"column":0},"end":{"line":265,"column":2}},"115":{"start":{"line":264,"column":4},"end":{"line":264,"column":64}}},"fnMap":{"0":{"name":"(anonymous_0)","decl":{"start":{"line":26,"column":4},"end":{"line":26,"column":5}},"loc":{"start":{"line":26,"column":24},"end":{"line":50,"column":5}},"line":26},"1":{"name":"(anonymous_1)","decl":{"start":{"line":62,"column":4},"end":{"line":62,"column":5}},"loc":{"start":{"line":62,"column":24},"end":{"line":84,"column":5}},"line":62},"2":{"name":"(anonymous_2)","decl":{"start":{"line":88,"column":56},"end":{"line":88,"column":57}},"loc":{"start":{"line":88,"column":70},"end":{"line":96,"column":1}},"line":88},"3":{"name":"(anonymous_3)","decl":{"start":{"line":105,"column":4},"end":{"line":105,"column":5}},"loc":{"start":{"line":105,"column":24},"end":{"line":124,"column":5}},"line":105},"4":{"name":"(anonymous_4)","decl":{"start":{"line":128,"column":61},"end":{"line":128,"column":62}},"loc":{"start":{"line":128,"column":75},"end":{"line":142,"column":1}},"line":128},"5":{"name":"(anonymous_5)","decl":{"start":{"line":137,"column":18},"end":{"line":137,"column":19}},"loc":{"start":{"line":137,"column":28},"end":{"line":137,"column":42}},"line":137},"6":{"name":"(anonymous_6)","decl":{"start":{"line":138,"column":19},"end":{"line":138,"column":20}},"loc":{"start":{"line":138,"column":28},"end":{"line":138,"column":65}},"line":138},"7":{"name":"(anonymous_7)","decl":{"start":{"line":149,"column":4},"end":{"line":149,"column":5}},"loc":{"start":{"line":149,"column":18},"end":{"line":163,"column":5}},"line":149},"8":{"name":"(anonymous_8)","decl":{"start":{"line":158,"column":22},"end":{"line":158,"column":23}},"loc":{"start":{"line":158,"column":32},"end":{"line":158,"column":46}},"line":158},"9":{"name":"(anonymous_9)","decl":{"start":{"line":159,"column":23},"end":{"line":159,"column":24}},"loc":{"start":{"line":159,"column":32},"end":{"line":159,"column":69}},"line":159},"10":{"name":"(anonymous_10)","decl":{"start":{"line":171,"column":4},"end":{"line":171,"column":5}},"loc":{"start":{"line":171,"column":18},"end":{"line":191,"column":5}},"line":171},"11":{"name":"(anonymous_11)","decl":{"start":{"line":181,"column":22},"end":{"line":181,"column":23}},"loc":{"start":{"line":182,"column":20},"end":{"line":185,"column":22}},"line":182},"12":{"name":"(anonymous_12)","decl":{"start":{"line":187,"column":23},"end":{"line":187,"column":24}},"loc":{"start":{"line":187,"column":32},"end":{"line":187,"column":69}},"line":187},"13":{"name":"(anonymous_13)","decl":{"start":{"line":199,"column":4},"end":{"line":199,"column":5}},"loc":{"start":{"line":199,"column":18},"end":{"line":218,"column":5}},"line":199},"14":{"name":"(anonymous_14)","decl":{"start":{"line":208,"column":22},"end":{"line":208,"column":23}},"loc":{"start":{"line":209,"column":20},"end":{"line":212,"column":22}},"line":209},"15":{"name":"(anonymous_15)","decl":{"start":{"line":214,"column":23},"end":{"line":214,"column":24}},"loc":{"start":{"line":214,"column":32},"end":{"line":214,"column":69}},"line":214},"16":{"name":"(anonymous_16)","decl":{"start":{"line":231,"column":4},"end":{"line":231,"column":5}},"loc":{"start":{"line":231,"column":18},"end":{"line":260,"column":5}},"line":231},"17":{"name":"(anonymous_17)","decl":{"start":{"line":250,"column":22},"end":{"line":250,"column":23}},"loc":{"start":{"line":251,"column":20},"end":{"line":254,"column":22}},"line":251},"18":{"name":"(anonymous_18)","decl":{"start":{"line":256,"column":23},"end":{"line":256,"column":24}},"loc":{"start":{"line":256,"column":32},"end":{"line":256,"column":69}},"line":256},"19":{"name":"(anonymous_19)","decl":{"start":{"line":263,"column":17},"end":{"line":263,"column":18}},"loc":{"start":{"line":263,"column":23},"end":{"line":265,"column":1}},"line":263}},"branchMap":{"0":{"loc":{"start":{"line":28,"column":8},"end":{"line":32,"column":9}},"type":"if","locations":[{"start":{"line":28,"column":8},"end":{"line":32,"column":9}},{"start":{},"end":{}}],"line":28},"1":{"loc":{"start":{"line":34,"column":8},"end":{"line":36,"column":9}},"type":"if","locations":[{"start":{"line":34,"column":8},"end":{"line":36,"column":9}},{"start":{},"end":{}}],"line":34},"2":{"loc":{"start":{"line":40,"column":12},"end":{"line":45,"column":13}},"type":"if","locations":[{"start":{"line":40,"column":12},"end":{"line":45,"column":13}},{"start":{"line":42,"column":19},"end":{"line":45,"column":13}}],"line":40},"3":{"loc":{"start":{"line":64,"column":8},"end":{"line":66,"column":9}},"type":"if","locations":[{"start":{"line":64,"column":8},"end":{"line":66,"column":9}},{"start":{},"end":{}}],"line":64},"4":{"loc":{"start":{"line":68,"column":8},"end":{"line":70,"column":9}},"type":"if","locations":[{"start":{"line":68,"column":8},"end":{"line":70,"column":9}},{"start":{},"end":{}}],"line":68},"5":{"loc":{"start":{"line":74,"column":12},"end":{"line":79,"column":13}},"type":"if","locations":[{"start":{"line":74,"column":12},"end":{"line":79,"column":13}},{"start":{"line":76,"column":19},"end":{"line":79,"column":13}}],"line":74},"6":{"loc":{"start":{"line":90,"column":4},"end":{"line":94,"column":5}},"type":"if","locations":[{"start":{"line":90,"column":4},"end":{"line":94,"column":5}},{"start":{},"end":{}}],"line":90},"7":{"loc":{"start":{"line":108,"column":8},"end":{"line":112,"column":9}},"type":"if","locations":[{"start":{"line":108,"column":8},"end":{"line":112,"column":9}},{"start":{},"end":{}}],"line":108},"8":{"loc":{"start":{"line":115,"column":12},"end":{"line":119,"column":13}},"type":"if","locations":[{"start":{"line":115,"column":12},"end":{"line":119,"column":13}},{"start":{"line":117,"column":19},"end":{"line":119,"column":13}}],"line":115},"9":{"loc":{"start":{"line":130,"column":4},"end":{"line":132,"column":5}},"type":"if","locations":[{"start":{"line":130,"column":4},"end":{"line":132,"column":5}},{"start":{},"end":{}}],"line":130},"10":{"loc":{"start":{"line":151,"column":8},"end":{"line":153,"column":9}},"type":"if","locations":[{"start":{"line":151,"column":8},"end":{"line":153,"column":9}},{"start":{},"end":{}}],"line":151},"11":{"loc":{"start":{"line":173,"column":8},"end":{"line":175,"column":9}},"type":"if","locations":[{"start":{"line":173,"column":8},"end":{"line":175,"column":9}},{"start":{},"end":{}}],"line":173},"12":{"loc":{"start":{"line":201,"column":8},"end":{"line":203,"column":9}},"type":"if","locations":[{"start":{"line":201,"column":8},"end":{"line":203,"column":9}},{"start":{},"end":{}}],"line":201},"13":{"loc":{"start":{"line":233,"column":8},"end":{"line":235,"column":9}},"type":"if","locations":[{"start":{"line":233,"column":8},"end":{"line":235,"column":9}},{"start":{},"end":{}}],"line":233},"14":{"loc":{"start":{"line":237,"column":8},"end":{"line":239,"column":9}},"type":"if","locations":[{"start":{"line":237,"column":8},"end":{"line":239,"column":9}},{"start":{},"end":{}}],"line":237}},"s":{"0":1,"1":1,"2":1,"3":1,"4":1,"5":1,"6":1,"7":1,"8":1,"9":1,"10":1,"11":1,"12":1,"13":1,"14":1,"15":4,"16":4,"17":2,"18":2,"19":2,"20":1,"21":1,"22":1,"23":1,"24":1,"25":0,"26":0,"27":0,"28":1,"29":14,"30":14,"31":7,"32":7,"33":7,"34":4,"35":3,"36":3,"37":3,"38":3,"39":0,"40":0,"41":0,"42":1,"43":0,"44":0,"45":0,"46":0,"47":0,"48":0,"49":1,"50":3,"51":3,"52":2,"53":1,"54":1,"55":1,"56":1,"57":0,"58":0,"59":0,"60":1,"61":2,"62":2,"63":1,"64":1,"65":1,"66":1,"67":1,"68":0,"69":0,"70":1,"71":2,"72":2,"73":1,"74":1,"75":1,"76":1,"77":1,"78":0,"79":0,"80":1,"81":2,"82":2,"83":1,"84":1,"85":1,"86":1,"87":1,"88":1,"89":0,"90":0,"91":1,"92":2,"93":2,"94":1,"95":1,"96":1,"97":1,"98":1,"99":0,"100":0,"101":1,"102":6,"103":6,"104":5,"105":1,"106":1,"107":0,"108":1,"109":1,"110":1,"111":1,"112":0,"113":0,"114":1,"115":1},"f":{"0":4,"1":14,"2":0,"3":3,"4":2,"5":1,"6":0,"7":2,"8":1,"9":0,"10":2,"11":1,"12":0,"13":2,"14":1,"15":0,"16":6,"17":1,"18":0,"19":1},"b":{"0":[2,2],"1":[1,1],"2":[1,0],"3":[7,7],"4":[4,3],"5":[3,0],"6":[0,0],"7":[2,1],"8":[1,0],"9":[1,1],"10":[1,1],"11":[1,1],"12":[1,1],"13":[5,1],"14":[0,1]},"_coverageSchema":"1a1c01bbd47fc00a2c39e90264f33305004495a9","hash":"c0d2e566ae0052949c59e12cb7c414df79f6d3a9"}
,"/Users/karenwang/Projects/calendar-assistant/src/server/validation.js": {"path":"/Users/karenwang/Projects/calendar-assistant/src/server/validation.js","statementMap":{"0":{"start":{"line":1,"column":11},"end":{"line":1,"column":41}},"1":{"start":{"line":3,"column":36},"end":{"line":16,"column":1}},"2":{"start":{"line":4,"column":19},"end":{"line":4,"column":55}},"3":{"start":{"line":5,"column":33},"end":{"line":7,"column":5}},"4":{"start":{"line":6,"column":20},"end":{"line":6,"column":50}},"5":{"start":{"line":8,"column":19},"end":{"line":8,"column":21}},"6":{"start":{"line":9,"column":4},"end":{"line":14,"column":5}},"7":{"start":{"line":10,"column":8},"end":{"line":13,"column":10}},"8":{"start":{"line":15,"column":4},"end":{"line":15,"column":17}},"9":{"start":{"line":18,"column":29},"end":{"line":49,"column":1}},"10":{"start":{"line":19,"column":19},"end":{"line":19,"column":21}},"11":{"start":{"line":21,"column":19},"end":{"line":21,"column":55}},"12":{"start":{"line":22,"column":33},"end":{"line":24,"column":5}},"13":{"start":{"line":23,"column":20},"end":{"line":23,"column":50}},"14":{"start":{"line":25,"column":4},"end":{"line":30,"column":5}},"15":{"start":{"line":26,"column":8},"end":{"line":29,"column":10}},"16":{"start":{"line":31,"column":4},"end":{"line":38,"column":5}},"17":{"start":{"line":32,"column":8},"end":{"line":37,"column":9}},"18":{"start":{"line":33,"column":12},"end":{"line":36,"column":14}},"19":{"start":{"line":39,"column":4},"end":{"line":46,"column":5}},"20":{"start":{"line":40,"column":8},"end":{"line":45,"column":9}},"21":{"start":{"line":41,"column":12},"end":{"line":44,"column":14}},"22":{"start":{"line":48,"column":4},"end":{"line":48,"column":17}},"23":{"start":{"line":51,"column":30},"end":{"line":117,"column":1}},"24":{"start":{"line":52,"column":19},"end":{"line":52,"column":21}},"25":{"start":{"line":54,"column":19},"end":{"line":54,"column":55}},"26":{"start":{"line":55,"column":33},"end":{"line":57,"column":5}},"27":{"start":{"line":56,"column":20},"end":{"line":56,"column":50}},"28":{"start":{"line":58,"column":4},"end":{"line":63,"column":5}},"29":{"start":{"line":59,"column":8},"end":{"line":62,"column":10}},"30":{"start":{"line":65,"column":4},"end":{"line":70,"column":5}},"31":{"start":{"line":66,"column":8},"end":{"line":69,"column":10}},"32":{"start":{"line":71,"column":4},"end":{"line":82,"column":5}},"33":{"start":{"line":72,"column":8},"end":{"line":81,"column":9}},"34":{"start":{"line":77,"column":12},"end":{"line":80,"column":14}},"35":{"start":{"line":83,"column":4},"end":{"line":90,"column":5}},"36":{"start":{"line":84,"column":8},"end":{"line":89,"column":9}},"37":{"start":{"line":85,"column":12},"end":{"line":88,"column":14}},"38":{"start":{"line":91,"column":4},"end":{"line":114,"column":5}},"39":{"start":{"line":92,"column":8},"end":{"line":97,"column":9}},"40":{"start":{"line":93,"column":12},"end":{"line":96,"column":14}},"41":{"start":{"line":98,"column":8},"end":{"line":113,"column":9}},"42":{"start":{"line":103,"column":12},"end":{"line":112,"column":13}},"43":{"start":{"line":108,"column":16},"end":{"line":111,"column":18}},"44":{"start":{"line":116,"column":4},"end":{"line":116,"column":17}},"45":{"start":{"line":119,"column":22},"end":{"line":124,"column":1}},"46":{"start":{"line":120,"column":19},"end":{"line":120,"column":41}},"47":{"start":{"line":121,"column":4},"end":{"line":123,"column":5}},"48":{"start":{"line":122,"column":8},"end":{"line":122,"column":40}},"49":{"start":{"line":126,"column":21},"end":{"line":131,"column":1}},"50":{"start":{"line":127,"column":19},"end":{"line":127,"column":42}},"51":{"start":{"line":128,"column":4},"end":{"line":130,"column":5}},"52":{"start":{"line":129,"column":8},"end":{"line":129,"column":45}},"53":{"start":{"line":133,"column":0},"end":{"line":139,"column":1}}},"fnMap":{"0":{"name":"(anonymous_0)","decl":{"start":{"line":3,"column":36},"end":{"line":3,"column":37}},"loc":{"start":{"line":3,"column":55},"end":{"line":16,"column":1}},"line":3},"1":{"name":"(anonymous_1)","decl":{"start":{"line":6,"column":8},"end":{"line":6,"column":9}},"loc":{"start":{"line":6,"column":20},"end":{"line":6,"column":50}},"line":6},"2":{"name":"(anonymous_2)","decl":{"start":{"line":18,"column":29},"end":{"line":18,"column":30}},"loc":{"start":{"line":18,"column":48},"end":{"line":49,"column":1}},"line":18},"3":{"name":"(anonymous_3)","decl":{"start":{"line":23,"column":8},"end":{"line":23,"column":9}},"loc":{"start":{"line":23,"column":20},"end":{"line":23,"column":50}},"line":23},"4":{"name":"(anonymous_4)","decl":{"start":{"line":51,"column":30},"end":{"line":51,"column":31}},"loc":{"start":{"line":51,"column":49},"end":{"line":117,"column":1}},"line":51},"5":{"name":"(anonymous_5)","decl":{"start":{"line":56,"column":8},"end":{"line":56,"column":9}},"loc":{"start":{"line":56,"column":20},"end":{"line":56,"column":50}},"line":56},"6":{"name":"(anonymous_6)","decl":{"start":{"line":119,"column":22},"end":{"line":119,"column":23}},"loc":{"start":{"line":119,"column":39},"end":{"line":124,"column":1}},"line":119},"7":{"name":"(anonymous_7)","decl":{"start":{"line":126,"column":21},"end":{"line":126,"column":22}},"loc":{"start":{"line":126,"column":38},"end":{"line":131,"column":1}},"line":126}},"branchMap":{"0":{"loc":{"start":{"line":9,"column":4},"end":{"line":14,"column":5}},"type":"if","locations":[{"start":{"line":9,"column":4},"end":{"line":14,"column":5}},{"start":{},"end":{}}],"line":9},"1":{"loc":{"start":{"line":25,"column":4},"end":{"line":30,"column":5}},"type":"if","locations":[{"start":{"line":25,"column":4},"end":{"line":30,"column":5}},{"start":{},"end":{}}],"line":25},"2":{"loc":{"start":{"line":31,"column":4},"end":{"line":38,"column":5}},"type":"if","locations":[{"start":{"line":31,"column":4},"end":{"line":38,"column":5}},{"start":{},"end":{}}],"line":31},"3":{"loc":{"start":{"line":32,"column":8},"end":{"line":37,"column":9}},"type":"if","locations":[{"start":{"line":32,"column":8},"end":{"line":37,"column":9}},{"start":{},"end":{}}],"line":32},"4":{"loc":{"start":{"line":32,"column":12},"end":{"line":32,"column":51}},"type":"binary-expr","locations":[{"start":{"line":32,"column":12},"end":{"line":32,"column":29}},{"start":{"line":32,"column":33},"end":{"line":32,"column":51}}],"line":32},"5":{"loc":{"start":{"line":39,"column":4},"end":{"line":46,"column":5}},"type":"if","locations":[{"start":{"line":39,"column":4},"end":{"line":46,"column":5}},{"start":{},"end":{}}],"line":39},"6":{"loc":{"start":{"line":40,"column":8},"end":{"line":45,"column":9}},"type":"if","locations":[{"start":{"line":40,"column":8},"end":{"line":45,"column":9}},{"start":{},"end":{}}],"line":40},"7":{"loc":{"start":{"line":58,"column":4},"end":{"line":63,"column":5}},"type":"if","locations":[{"start":{"line":58,"column":4},"end":{"line":63,"column":5}},{"start":{},"end":{}}],"line":58},"8":{"loc":{"start":{"line":65,"column":4},"end":{"line":70,"column":5}},"type":"if","locations":[{"start":{"line":65,"column":4},"end":{"line":70,"column":5}},{"start":{},"end":{}}],"line":65},"9":{"loc":{"start":{"line":71,"column":4},"end":{"line":82,"column":5}},"type":"if","locations":[{"start":{"line":71,"column":4},"end":{"line":82,"column":5}},{"start":{},"end":{}}],"line":71},"10":{"loc":{"start":{"line":72,"column":8},"end":{"line":81,"column":9}},"type":"if","locations":[{"start":{"line":72,"column":8},"end":{"line":81,"column":9}},{"start":{},"end":{}}],"line":72},"11":{"loc":{"start":{"line":73,"column":12},"end":{"line":75,"column":36}},"type":"binary-expr","locations":[{"start":{"line":73,"column":12},"end":{"line":73,"column":37}},{"start":{"line":74,"column":12},"end":{"line":74,"column":35}},{"start":{"line":75,"column":12},"end":{"line":75,"column":36}}],"line":73},"12":{"loc":{"start":{"line":83,"column":4},"end":{"line":90,"column":5}},"type":"if","locations":[{"start":{"line":83,"column":4},"end":{"line":90,"column":5}},{"start":{},"end":{}}],"line":83},"13":{"loc":{"start":{"line":84,"column":8},"end":{"line":89,"column":9}},"type":"if","locations":[{"start":{"line":84,"column":8},"end":{"line":89,"column":9}},{"start":{},"end":{}}],"line":84},"14":{"loc":{"start":{"line":91,"column":4},"end":{"line":114,"column":5}},"type":"if","locations":[{"start":{"line":91,"column":4},"end":{"line":114,"column":5}},{"start":{},"end":{}}],"line":91},"15":{"loc":{"start":{"line":92,"column":8},"end":{"line":97,"column":9}},"type":"if","locations":[{"start":{"line":92,"column":8},"end":{"line":97,"column":9}},{"start":{},"end":{}}],"line":92},"16":{"loc":{"start":{"line":98,"column":8},"end":{"line":113,"column":9}},"type":"if","locations":[{"start":{"line":98,"column":8},"end":{"line":113,"column":9}},{"start":{},"end":{}}],"line":98},"17":{"loc":{"start":{"line":99,"column":12},"end":{"line":101,"column":36}},"type":"binary-expr","locations":[{"start":{"line":99,"column":12},"end":{"line":99,"column":37}},{"start":{"line":100,"column":12},"end":{"line":100,"column":35}},{"start":{"line":101,"column":12},"end":{"line":101,"column":36}}],"line":99},"18":{"loc":{"start":{"line":103,"column":12},"end":{"line":112,"column":13}},"type":"if","locations":[{"start":{"line":103,"column":12},"end":{"line":112,"column":13}},{"start":{},"end":{}}],"line":103},"19":{"loc":{"start":{"line":104,"column":16},"end":{"line":106,"column":40}},"type":"binary-expr","locations":[{"start":{"line":104,"column":16},"end":{"line":104,"column":41}},{"start":{"line":105,"column":16},"end":{"line":105,"column":39}},{"start":{"line":106,"column":16},"end":{"line":106,"column":40}}],"line":104},"20":{"loc":{"start":{"line":121,"column":4},"end":{"line":123,"column":5}},"type":"if","locations":[{"start":{"line":121,"column":4},"end":{"line":123,"column":5}},{"start":{},"end":{}}],"line":121},"21":{"loc":{"start":{"line":128,"column":4},"end":{"line":130,"column":5}},"type":"if","locations":[{"start":{"line":128,"column":4},"end":{"line":130,"column":5}},{"start":{},"end":{}}],"line":128}},"s":{"0":1,"1":1,"2":1,"3":1,"4":1,"5":1,"6":1,"7":0,"8":1,"9":1,"10":2,"11":2,"12":2,"13":2,"14":2,"15":0,"16":2,"17":2,"18":1,"19":2,"20":2,"21":0,"22":2,"23":1,"24":7,"25":7,"26":7,"27":7,"28":7,"29":0,"30":7,"31":0,"32":7,"33":3,"34":2,"35":7,"36":2,"37":1,"38":7,"39":2,"40":1,"41":2,"42":2,"43":0,"44":7,"45":1,"46":29,"47":29,"48":6,"49":1,"50":27,"51":27,"52":9,"53":1},"f":{"0":1,"1":1,"2":2,"3":2,"4":7,"5":7,"6":29,"7":27},"b":{"0":[0,1],"1":[0,2],"2":[2,0],"3":[1,1],"4":[2,1],"5":[2,0],"6":[0,2],"7":[0,7],"8":[0,7],"9":[3,4],"10":[2,1],"11":[3,3,2],"12":[2,5],"13":[1,1],"14":[2,5],"15":[1,1],"16":[2,0],"17":[2,0,0],"18":[0,2],"19":[2,2,2],"20":[6,23],"21":[9,18]},"_coverageSchema":"1a1c01bbd47fc00a2c39e90264f33305004495a9","hash":"57ff57414964951beccb90a481fe3b1e64bc120e"}
}
