TN:
SF:src/controllers/itemControllers.js
FN:6,(anonymous_0)
FN:11,(anonymous_1)
FN:16,(anonymous_2)
FN:20,(anonymous_3)
FN:26,(anonymous_4)
FN:30,(anonymous_5)
FN:34,(anonymous_6)
FN:38,(anonymous_7)
FNF:8
FNH:7
FNDA:1,(anonymous_0)
FNDA:1,(anonymous_1)
FNDA:0,(anonymous_2)
FNDA:1,(anonymous_3)
FNDA:1,(anonymous_4)
FNDA:1,(anonymous_5)
FNDA:1,(anonymous_6)
FNDA:1,(anonymous_7)
DA:1,2
DA:2,2
DA:3,2
DA:6,2
DA:7,1
DA:8,1
DA:11,2
DA:12,1
DA:13,1
DA:16,2
DA:17,0
DA:20,2
DA:21,1
DA:22,1
DA:26,2
DA:27,1
DA:30,2
DA:31,1
DA:34,2
DA:35,1
DA:38,2
DA:39,1
DA:42,2
LF:23
LH:22
BRF:0
BRH:0
end_of_record
TN:
SF:src/database/connect.js
FN:7,(anonymous_0)
FN:8,(anonymous_1)
FNF:2
FNH:2
FNDA:6,(anonymous_0)
FNDA:3,(anonymous_1)
DA:1,6
DA:3,6
DA:7,6
DA:8,6
DA:9,3
DA:10,0
DA:12,3
DA:17,6
DA:19,6
LF:9
LH:8
BRDA:9,0,0,0
BRDA:9,0,1,3
BRF:2
BRH:1
end_of_record
TN:
SF:src/database/queries.js
FN:4,(anonymous_0)
FN:9,(anonymous_1)
FN:10,(anonymous_2)
FN:12,(anonymous_3)
FN:39,(anonymous_4)
FN:40,(anonymous_5)
FN:42,(anonymous_6)
FN:49,(anonymous_7)
FN:50,(anonymous_8)
FN:52,(anonymous_9)
FN:58,(anonymous_10)
FN:59,(anonymous_11)
FN:61,(anonymous_12)
FN:67,(anonymous_13)
FN:68,(anonymous_14)
FN:70,(anonymous_15)
FN:79,(anonymous_16)
FN:92,(anonymous_17)
FN:93,(anonymous_18)
FN:95,(anonymous_19)
FN:102,(anonymous_20)
FN:103,(anonymous_21)
FN:105,(anonymous_22)
FN:110,(anonymous_23)
FN:111,(anonymous_24)
FN:113,(anonymous_25)
FN:118,(anonymous_26)
FN:119,(anonymous_27)
FNF:28
FNH:12
FNDA:27,(anonymous_0)
FNDA:27,(anonymous_1)
FNDA:0,(anonymous_2)
FNDA:35,(anonymous_3)
FNDA:35,(anonymous_4)
FNDA:0,(anonymous_5)
FNDA:35,(anonymous_6)
FNDA:35,(anonymous_7)
FNDA:0,(anonymous_8)
FNDA:10,(anonymous_9)
FNDA:10,(anonymous_10)
FNDA:0,(anonymous_11)
FNDA:0,(anonymous_12)
FNDA:0,(anonymous_13)
FNDA:0,(anonymous_14)
FNDA:35,(anonymous_15)
FNDA:0,(anonymous_16)
FNDA:0,(anonymous_17)
FNDA:0,(anonymous_18)
FNDA:0,(anonymous_19)
FNDA:0,(anonymous_20)
FNDA:0,(anonymous_21)
FNDA:0,(anonymous_22)
FNDA:0,(anonymous_23)
FNDA:0,(anonymous_24)
FNDA:29,(anonymous_25)
FNDA:28,(anonymous_26)
FNDA:1,(anonymous_27)
DA:1,6
DA:3,6
DA:5,27
DA:6,27
DA:7,27
DA:9,27
DA:10,0
DA:21,35
DA:29,35
DA:37,35
DA:39,35
DA:40,0
DA:44,35
DA:46,35
DA:47,35
DA:49,35
DA:50,0
DA:54,10
DA:55,10
DA:56,10
DA:58,10
DA:59,0
DA:63,0
DA:64,0
DA:65,0
DA:67,0
DA:68,0
DA:71,35
DA:72,35
DA:73,35
DA:74,35
DA:75,35
DA:76,34
DA:77,34
DA:80,0
DA:81,0
DA:82,0
DA:83,0
DA:84,0
DA:85,0
DA:86,0
DA:88,0
DA:89,0
DA:90,0
DA:92,0
DA:93,0
DA:97,0
DA:99,0
DA:100,0
DA:102,0
DA:103,0
DA:106,0
DA:107,0
DA:108,0
DA:110,0
DA:111,0
DA:114,29
DA:115,29
DA:116,29
DA:118,28
DA:119,1
LF:61
LH:30
BRF:0
BRH:0
end_of_record
TN:
SF:src/models/calendarModel.js
FN:8,(anonymous_0)
FN:44,(anonymous_1)
FN:88,(anonymous_2)
FN:126,(anonymous_3)
FN:132,(anonymous_4)
FN:135,(anonymous_5)
FNF:6
FNH:5
FNDA:2,(anonymous_0)
FNDA:1,(anonymous_1)
FNDA:2,(anonymous_2)
FNDA:1,(anonymous_3)
FNDA:0,(anonymous_4)
FNDA:1,(anonymous_5)
DA:2,3
DA:3,3
DA:4,3
DA:5,3
DA:6,3
DA:8,3
DA:9,2
DA:10,2
DA:12,2
DA:13,1
DA:15,1
DA:26,1
DA:27,1
DA:33,1
DA:34,1
DA:36,1
DA:37,1
DA:44,3
DA:45,1
DA:46,1
DA:48,1
DA:49,0
DA:51,1
DA:63,1
DA:64,1
DA:70,1
DA:72,1
DA:73,1
DA:74,0
DA:75,0
DA:76,0
DA:77,0
DA:80,0
DA:81,0
DA:88,3
DA:89,2
DA:91,2
DA:93,2
DA:94,1
DA:97,1
DA:98,1
DA:101,1
DA:109,1
DA:112,1
DA:113,1
DA:114,0
DA:117,1
DA:120,1
DA:126,1
DA:132,1
DA:135,1
DA:137,1
DA:139,1
DA:140,1
DA:144,3
LF:55
LH:47
BRDA:12,0,0,1
BRDA:12,0,1,1
BRDA:48,1,0,0
BRDA:48,1,1,1
BRDA:72,2,0,1
BRDA:72,2,1,0
BRDA:74,3,0,0
BRDA:74,3,1,0
BRDA:76,4,0,0
BRDA:76,4,1,0
BRDA:93,5,0,1
BRDA:93,5,1,1
BRDA:113,6,0,0
BRDA:113,6,1,1
BRDA:113,7,0,1
BRDA:113,7,1,1
BRDA:117,8,0,1
BRDA:117,8,1,1
BRF:18
BRH:11
end_of_record
TN:
SF:src/models/dataModel.js
FN:5,(anonymous_0)
FN:22,(anonymous_1)
FN:25,(anonymous_2)
FN:26,(anonymous_3)
FN:29,(anonymous_4)
FN:32,(anonymous_5)
FN:33,(anonymous_6)
FN:36,(anonymous_7)
FN:39,(anonymous_8)
FN:40,(anonymous_9)
FNF:10
FNH:7
FNDA:1,(anonymous_0)
FNDA:1,(anonymous_1)
FNDA:1,(anonymous_2)
FNDA:0,(anonymous_3)
FNDA:1,(anonymous_4)
FNDA:1,(anonymous_5)
FNDA:0,(anonymous_6)
FNDA:1,(anonymous_7)
FNDA:1,(anonymous_8)
FNDA:0,(anonymous_9)
DA:1,3
DA:5,3
DA:6,1
DA:7,1
DA:8,1
DA:9,3
DA:10,3
DA:11,2
DA:17,3
DA:19,1
DA:22,3
DA:23,1
DA:25,1
DA:26,0
DA:29,3
DA:30,1
DA:32,1
DA:33,0
DA:36,3
DA:37,1
DA:39,1
DA:40,0
DA:43,3
LF:23
LH:20
BRDA:10,0,0,2
BRDA:10,0,1,1
BRF:2
BRH:2
end_of_record
TN:
SF:src/models/helpers.js
FN:18,(anonymous_0)
FN:124,(anonymous_1)
FN:159,(anonymous_2)
FN:180,(anonymous_3)
FN:235,(anonymous_4)
FN:247,(anonymous_5)
FNF:6
FNH:3
FNDA:1,(anonymous_0)
FNDA:0,(anonymous_1)
FNDA:0,(anonymous_2)
FNDA:0,(anonymous_3)
FNDA:1,(anonymous_4)
FNDA:1,(anonymous_5)
DA:1,4
DA:2,4
DA:4,4
DA:18,4
DA:19,1
DA:20,1
DA:21,1
DA:22,1
DA:23,0
DA:26,1
DA:27,1
DA:28,1
DA:30,1
DA:38,1
DA:39,1
DA:40,0
DA:47,1
DA:48,1
DA:49,1
DA:51,1
DA:52,0
DA:53,0
DA:54,0
DA:55,0
DA:56,0
DA:57,0
DA:58,0
DA:59,0
DA:60,0
DA:62,0
DA:64,0
DA:65,0
DA:66,0
DA:68,0
DA:69,0
DA:70,0
DA:72,0
DA:73,0
DA:74,0
DA:76,0
DA:78,0
DA:79,0
DA:80,0
DA:82,0
DA:83,0
DA:84,0
DA:86,0
DA:87,0
DA:88,0
DA:89,0
DA:91,0
DA:92,0
DA:94,0
DA:96,0
DA:97,0
DA:98,0
DA:100,0
DA:101,0
DA:102,0
DA:107,0
DA:108,0
DA:112,1
DA:113,1
DA:114,1
DA:115,0
DA:116,0
DA:117,0
DA:121,1
DA:124,4
DA:125,0
DA:126,0
DA:136,0
DA:137,0
DA:139,0
DA:140,0
DA:142,0
DA:143,0
DA:146,0
DA:151,0
DA:156,0
DA:159,4
DA:160,0
DA:162,0
DA:167,0
DA:172,0
DA:177,0
DA:180,4
DA:181,0
DA:183,0
DA:188,0
DA:190,0
DA:193,0
DA:196,0
DA:199,0
DA:200,0
DA:205,0
DA:207,0
DA:208,0
DA:213,0
DA:216,0
DA:222,0
DA:227,0
DA:235,4
DA:236,1
DA:237,1
DA:240,1
DA:241,7
DA:242,7
DA:243,7
DA:244,7
DA:247,1
DA:248,1
DA:249,1
DA:250,1
DA:252,1
DA:254,1
DA:255,0
DA:257,1
DA:260,1
DA:263,4
LF:120
LH:42
BRDA:19,0,0,1
BRDA:19,0,1,0
BRDA:21,1,0,1
BRDA:21,1,1,0
BRDA:22,2,0,0
BRDA:22,2,1,1
BRDA:22,3,0,1
BRDA:22,3,1,0
BRDA:39,4,0,0
BRDA:39,4,1,1
BRDA:39,5,0,1
BRDA:39,5,1,1
BRDA:51,6,0,0
BRDA:51,6,1,1
BRDA:58,7,0,0
BRDA:58,7,1,0
BRDA:59,8,0,0
BRDA:59,8,1,0
BRDA:64,9,0,0
BRDA:64,9,1,0
BRDA:72,10,0,0
BRDA:72,10,1,0
BRDA:73,11,0,0
BRDA:73,11,1,0
BRDA:78,12,0,0
BRDA:78,12,1,0
BRDA:86,13,0,0
BRDA:86,13,1,0
BRDA:88,14,0,0
BRDA:88,14,1,0
BRDA:91,15,0,0
BRDA:91,15,1,0
BRDA:96,16,0,0
BRDA:96,16,1,0
BRDA:114,17,0,0
BRDA:114,17,1,1
BRDA:116,18,0,0
BRDA:116,18,1,0
BRDA:136,19,0,0
BRDA:136,19,1,0
BRDA:139,20,0,0
BRDA:139,20,1,0
BRDA:142,21,0,0
BRDA:142,21,1,0
BRDA:190,22,0,0
BRDA:190,22,1,0
BRDA:193,23,0,0
BRDA:193,23,1,0
BRDA:196,24,0,0
BRDA:196,24,1,0
BRDA:199,25,0,0
BRDA:199,25,1,0
BRDA:207,26,0,0
BRDA:207,26,1,0
BRDA:254,27,0,0
BRDA:254,27,1,1
BRF:56
BRH:10
end_of_record
TN:
SF:src/server/auth.js
FN:4,(anonymous_0)
FN:5,(anonymous_1)
FN:16,authenticate
FN:45,getAuthenticatedClient
FN:46,(anonymous_4)
FN:66,(anonymous_5)
FN:88,(anonymous_6)
FN:90,(anonymous_7)
FNF:8
FNH:0
FNDA:0,(anonymous_0)
FNDA:0,(anonymous_1)
FNDA:0,authenticate
FNDA:0,getAuthenticatedClient
FNDA:0,(anonymous_4)
FNDA:0,(anonymous_5)
FNDA:0,(anonymous_6)
FNDA:0,(anonymous_7)
DA:1,1
DA:2,1
DA:3,1
DA:4,1
DA:5,0
DA:6,1
DA:8,1
DA:17,0
DA:20,0
DA:21,0
DA:25,0
DA:29,0
DA:38,0
DA:46,0
DA:49,0
DA:56,0
DA:65,0
DA:67,0
DA:68,0
DA:70,0
DA:72,0
DA:73,0
DA:76,0
DA:79,0
DA:81,0
DA:82,0
DA:85,0
DA:90,0
DA:92,0
DA:96,1
LF:30
LH:7
BRDA:68,0,0,0
BRDA:68,0,1,0
BRF:2
BRH:0
end_of_record
TN:
SF:src/server/server.js
FN:26,(anonymous_0)
FN:62,(anonymous_1)
FN:88,(anonymous_2)
FN:105,(anonymous_3)
FN:128,(anonymous_4)
FN:137,(anonymous_5)
FN:138,(anonymous_6)
FN:149,(anonymous_7)
FN:158,(anonymous_8)
FN:159,(anonymous_9)
FN:171,(anonymous_10)
FN:181,(anonymous_11)
FN:187,(anonymous_12)
FN:199,(anonymous_13)
FN:208,(anonymous_14)
FN:214,(anonymous_15)
FN:231,(anonymous_16)
FN:250,(anonymous_17)
FN:256,(anonymous_18)
FN:263,(anonymous_19)
FNF:20
FNH:14
FNDA:4,(anonymous_0)
FNDA:14,(anonymous_1)
FNDA:0,(anonymous_2)
FNDA:3,(anonymous_3)
FNDA:2,(anonymous_4)
FNDA:1,(anonymous_5)
FNDA:0,(anonymous_6)
FNDA:2,(anonymous_7)
FNDA:1,(anonymous_8)
FNDA:0,(anonymous_9)
FNDA:2,(anonymous_10)
FNDA:1,(anonymous_11)
FNDA:0,(anonymous_12)
FNDA:2,(anonymous_13)
FNDA:1,(anonymous_14)
FNDA:0,(anonymous_15)
FNDA:6,(anonymous_16)
FNDA:1,(anonymous_17)
FNDA:0,(anonymous_18)
FNDA:1,(anonymous_19)
DA:1,1
DA:2,1
DA:3,1
DA:4,1
DA:5,1
DA:6,1
DA:7,1
DA:8,1
DA:10,1
DA:11,1
DA:12,1
DA:14,1
DA:15,1
DA:16,1
DA:19,1
DA:27,4
DA:28,4
DA:29,2
DA:33,2
DA:34,2
DA:35,1
DA:37,1
DA:38,1
DA:40,1
DA:41,1
DA:44,0
DA:47,0
DA:48,0
DA:54,1
DA:63,14
DA:64,14
DA:65,7
DA:67,7
DA:68,7
DA:69,4
DA:71,3
DA:72,3
DA:74,3
DA:75,3
DA:78,0
DA:81,0
DA:82,0
DA:88,1
DA:89,0
DA:90,0
DA:91,0
DA:92,0
DA:93,0
DA:95,0
DA:98,1
DA:107,3
DA:108,3
DA:109,2
DA:113,1
DA:114,1
DA:115,1
DA:116,1
DA:118,0
DA:121,0
DA:122,0
DA:128,1
DA:129,2
DA:130,2
DA:131,1
DA:133,1
DA:134,1
DA:135,1
DA:137,1
DA:138,0
DA:140,0
DA:145,1
DA:150,2
DA:151,2
DA:152,1
DA:154,1
DA:155,1
DA:156,1
DA:158,1
DA:159,0
DA:161,0
DA:167,1
DA:172,2
DA:173,2
DA:174,1
DA:176,1
DA:177,1
DA:178,1
DA:179,1
DA:182,1
DA:187,0
DA:189,0
DA:195,1
DA:200,2
DA:201,2
DA:202,1
DA:204,1
DA:205,1
DA:206,1
DA:209,1
DA:214,0
DA:216,0
DA:222,1
DA:232,6
DA:233,6
DA:234,5
DA:236,1
DA:237,1
DA:238,0
DA:240,1
DA:241,1
DA:242,1
DA:251,1
DA:256,0
DA:258,0
DA:263,1
DA:264,1
LF:116
LH:90
BRDA:28,0,0,2
BRDA:28,0,1,2
BRDA:34,1,0,1
BRDA:34,1,1,1
BRDA:40,2,0,1
BRDA:40,2,1,0
BRDA:64,3,0,7
BRDA:64,3,1,7
BRDA:68,4,0,4
BRDA:68,4,1,3
BRDA:74,5,0,3
BRDA:74,5,1,0
BRDA:90,6,0,0
BRDA:90,6,1,0
BRDA:108,7,0,2
BRDA:108,7,1,1
BRDA:115,8,0,1
BRDA:115,8,1,0
BRDA:130,9,0,1
BRDA:130,9,1,1
BRDA:151,10,0,1
BRDA:151,10,1,1
BRDA:173,11,0,1
BRDA:173,11,1,1
BRDA:201,12,0,1
BRDA:201,12,1,1
BRDA:233,13,0,5
BRDA:233,13,1,1
BRDA:237,14,0,0
BRDA:237,14,1,1
BRF:30
BRH:24
end_of_record
TN:
SF:src/server/validation.js
FN:3,(anonymous_0)
FN:6,(anonymous_1)
FN:18,(anonymous_2)
FN:23,(anonymous_3)
FN:51,(anonymous_4)
FN:56,(anonymous_5)
FN:119,(anonymous_6)
FN:126,(anonymous_7)
FNF:8
FNH:8
FNDA:1,(anonymous_0)
FNDA:1,(anonymous_1)
FNDA:2,(anonymous_2)
FNDA:2,(anonymous_3)
FNDA:7,(anonymous_4)
FNDA:7,(anonymous_5)
FNDA:29,(anonymous_6)
FNDA:27,(anonymous_7)
DA:1,1
DA:3,1
DA:4,1
DA:5,1
DA:6,1
DA:8,1
DA:9,1
DA:10,0
DA:15,1
DA:18,1
DA:19,2
DA:21,2
DA:22,2
DA:23,2
DA:25,2
DA:26,0
DA:31,2
DA:32,2
DA:33,1
DA:39,2
DA:40,2
DA:41,0
DA:48,2
DA:51,1
DA:52,7
DA:54,7
DA:55,7
DA:56,7
DA:58,7
DA:59,0
DA:65,7
DA:66,0
DA:71,7
DA:72,3
DA:77,2
DA:83,7
DA:84,2
DA:85,1
DA:91,7
DA:92,2
DA:93,1
DA:98,2
DA:103,2
DA:108,0
DA:116,7
DA:119,1
DA:120,29
DA:121,29
DA:122,6
DA:126,1
DA:127,27
DA:128,27
DA:129,9
DA:133,1
LF:54
LH:48
BRDA:9,0,0,0
BRDA:9,0,1,1
BRDA:25,1,0,0
BRDA:25,1,1,2
BRDA:31,2,0,2
BRDA:31,2,1,0
BRDA:32,3,0,1
BRDA:32,3,1,1
BRDA:32,4,0,2
BRDA:32,4,1,1
BRDA:39,5,0,2
BRDA:39,5,1,0
BRDA:40,6,0,0
BRDA:40,6,1,2
BRDA:58,7,0,0
BRDA:58,7,1,7
BRDA:65,8,0,0
BRDA:65,8,1,7
BRDA:71,9,0,3
BRDA:71,9,1,4
BRDA:72,10,0,2
BRDA:72,10,1,1
BRDA:73,11,0,3
BRDA:73,11,1,3
BRDA:73,11,2,2
BRDA:83,12,0,2
BRDA:83,12,1,5
BRDA:84,13,0,1
BRDA:84,13,1,1
BRDA:91,14,0,2
BRDA:91,14,1,5
BRDA:92,15,0,1
BRDA:92,15,1,1
BRDA:98,16,0,2
BRDA:98,16,1,0
BRDA:99,17,0,2
BRDA:99,17,1,0
BRDA:99,17,2,0
BRDA:103,18,0,0
BRDA:103,18,1,2
BRDA:104,19,0,2
BRDA:104,19,1,2
BRDA:104,19,2,2
BRDA:121,20,0,6
BRDA:121,20,1,23
BRDA:128,21,0,9
BRDA:128,21,1,18
BRF:47
BRH:36
end_of_record
